
Copyright (C) 1994-2018 Synopsys, Inc.
This Synopsys software and all associated documentation are proprietary to Synopsys, Inc.
and may only be used pursuant to the terms and conditions of a written license agreement
with Synopsys, Inc. All other use, reproduction, modification, or distribution of the
Synopsys software or the associated documentation is strictly prohibited.
Tool: Synplify (R) Premier
Build: O-2018.09-SP1
Install: /vol/synopsys/fpga/O-2018.09-SP1
OS: Red Hat Enterprise Linux 8.10 (Ootpa)
Hostname: finagle.wot.ece.northwestern.edu
max virtual memory: unlimited (bytes)
max user processes: 254205
max stack size: 8388608 (bytes)


Implementation : rev_1
Synopsys HDL compiler and linker, Version comp2018q4p1, Build 004R, Built Nov 27 2018 21:19:49

Modified Files: 1
FID:  path (prevtimestamp, timestamp)
2        /home/gel8580/CE387/HW/HW4/edge_detect/sv/grayscale.sv (2026-02-02 18:42:52, 2026-02-02 23:06:58)

*******************************************************************
Modules that may have changed as a result of file changes: 1
MID:  lib.cell.view
2        work.grayscale.verilog may have changed because the following files changed:
                        /home/gel8580/CE387/HW/HW4/edge_detect/sv/grayscale.sv (2026-02-02 18:42:52, 2026-02-02 23:06:58) <-- (module definition)

*******************************************************************
Unmodified files: 14
FID:  path (timestamp)
0        /home/gel8580/CE387/HW/HW4/edge_detect/sv/edge_detect_top.sv (2026-02-02 16:01:19)
1        /home/gel8580/CE387/HW/HW4/edge_detect/sv/fifo.sv (2026-02-02 19:11:09)
3        /home/gel8580/CE387/HW/HW4/edge_detect/sv/sobel.sv (2026-02-02 23:01:06)
4        /home/gel8580/CE387/HW/HW4/edge_detect/syn/rev_1/synwork//distcomp/distcomp0/distcomp0.xmr (2026-02-02 21:18:21)
5        /vol/synopsys/fpga/O-2018.09-SP1/lib/altera/altera.v (2018-11-27 23:10:11)
6        /vol/synopsys/fpga/O-2018.09-SP1/lib/altera/quartus_prime181/altera_lpm.v (2018-11-27 23:10:39)
7        /vol/synopsys/fpga/O-2018.09-SP1/lib/altera/quartus_prime181/altera_mf.v (2018-11-27 23:10:39)
8        /vol/synopsys/fpga/O-2018.09-SP1/lib/altera/quartus_prime181/altera_primitives.v (2018-11-27 23:10:39)
9        /vol/synopsys/fpga/O-2018.09-SP1/lib/altera/quartus_prime181/cycloneive.v (2018-11-27 23:10:40)
10       /vol/synopsys/fpga/O-2018.09-SP1/lib/synip/hcei/zceistubs.v (2018-11-27 23:12:11)
11       /vol/synopsys/fpga/O-2018.09-SP1/lib/vlog/hypermods.v (2018-11-27 23:17:48)
12       /vol/synopsys/fpga/O-2018.09-SP1/lib/vlog/scemi_objects.v (2018-11-27 23:17:48)
13       /vol/synopsys/fpga/O-2018.09-SP1/lib/vlog/scemi_pipes.svh (2018-11-27 23:17:48)
14       /vol/synopsys/fpga/O-2018.09-SP1/lib/vlog/umr_capim.v (2018-08-08 02:43:25)

*******************************************************************
Unchanged modules: 3
MID:  lib.cell.view
0        work.edge_detect_top.verilog
1        work.fifo.verilog
3        work.sobel.verilog
