##### START OF AREA REPORT #####[
Design view:work.fibonacci(verilog)
Selecting part EP4CE115F23C7

Total combinational functions 73 of 114480 ( 0%)
Logic element usage by number of inputs
		  4 input functions 	 34
		  3 input functions 	 3
		  <=2 input functions 	 36
Logic elements by mode
		  normal mode            41
		  arithmetic mode        32
Total registers 67 of 114480 ( 0%)
I/O pins 36 of 529 ( 7%), total I/O based on largest package of this part.

Number of I/O registers
			Input DDRs    :0
			Output DDRs   :0

DSP Blocks:     0  (0 nine-bit DSP elements).
DSP Utilization: 0.00% of available 266 blocks (532 nine-bit).
ShiftTap:       0  (0 registers)
Total ESB:      0 bits 

##### END OF AREA REPORT #####]

