
                               Synplify Pro (R) 

                Version O-2018.09-SP1 for RHEL64 - Nov 27, 2018 

                    Copyright (c) 1988 - 2018 Synopsys, Inc.
   This software and the associated documentation are proprietary to Synopsys,
 Inc. This software may only be used in accordance with the terms and conditions
 of a written license agreement with Synopsys, Inc. All other use, reproduction,
            or distribution of this software is strictly prohibited.

Starting:    /vol/synopsys/fpga/O-2018.09-SP1/linux_a_64/mbin/synplify
Install:     /vol/synopsys/fpga/O-2018.09-SP1
Hostname:    finagle.wot.ece.northwestern.edu
Date:        Tue Feb 24 16:11:51 2026
Version:     O-2018.09-SP1

Arguments:   -product synplify_pro
ProductType: synplify_pro

License checkout: synplifypremierdp
License: synplifypremierdp from server synopsyslm.ece.northwestern.edu (Using premium license)
Licensed Vendor: All FPGA
License Option: ident


distributed_compile is not supported in current product.
auto_infer_blackbox is not supported in current product.
distributed_compile is not supported in current product.
auto_infer_blackbox is not supported in current product.
distributed_compile is not supported in current product.
auto_infer_blackbox is not supported in current product.
distributed_compile is not supported in current product.
auto_infer_blackbox is not supported in current product.
distributed_compile is not supported in current product.
auto_infer_blackbox is not supported in current product.
distributed_compile is not supported in current product.
auto_infer_blackbox is not supported in current product.
log file: "/home/gel8580/CE387/HW/HW7/imp/syn/rev_1/fft.srr"
Running: rev_1 in foreground

Running fft|rev_1

Running Flow: compile (Compile) on fft|rev_1
# Tue Feb 24 16:12:20 2026

Running Flow: compile_flow (Compile Process) on fft|rev_1
# Tue Feb 24 16:12:20 2026

Running: compiler (Compile Input) on fft|rev_1
# Tue Feb 24 16:12:20 2026
compiler exited with errors
Job failed on: fft|rev_1

Job: "compiler" terminated with error status: 2
See log file: "/home/gel8580/CE387/HW/HW7/imp/syn/rev_1/synlog/fft_compiler.srr"
# Tue Feb 24 16:12:20 2026

Return Code: 2
Run Time:00h:00m:00s
Complete: Compile Process on fft|rev_1
Complete: Compile on fft|rev_1
Complete: Logic Synthesis on fft|rev_1
2Copied /home/gel8580/CE387/HW/HW7/imp/syn/rev_1/fft.srr to /home/gel8580/CE387/HW/HW7/imp/syn/rev_1/backup/fft.srr
log file: "/home/gel8580/CE387/HW/HW7/imp/syn/rev_1/fft.srr"
Running: rev_1 in foreground

Running fft|rev_1

Running Flow: compile (Compile) on fft|rev_1
# Tue Feb 24 16:12:26 2026

Running Flow: compile_flow (Compile Process) on fft|rev_1
# Tue Feb 24 16:12:26 2026

Running: compiler (Compile Input) on fft|rev_1
# Tue Feb 24 16:12:26 2026
compiler exited with errors
Job failed on: fft|rev_1

Job: "compiler" terminated with error status: 2
See log file: "/home/gel8580/CE387/HW/HW7/imp/syn/rev_1/synlog/fft_compiler.srr"
# Tue Feb 24 16:12:26 2026

Return Code: 2
Run Time:00h:00m:00s
Complete: Compile Process on fft|rev_1
Complete: Compile on fft|rev_1
Complete: Logic Synthesis on fft|rev_1
2log file: "/home/gel8580/CE387/HW/HW7/imp/syn/rev_1/fft.srr"
Running: rev_1 in foreground

Running fft|rev_1

Running Flow: compile (Compile) on fft|rev_1
# Tue Feb 24 16:15:29 2026

Running Flow: compile_flow (Compile Process) on fft|rev_1
# Tue Feb 24 16:15:29 2026

Running: compiler (Compile Input) on fft|rev_1
# Tue Feb 24 16:15:29 2026
Copied /home/gel8580/CE387/HW/HW7/imp/syn/rev_1/synwork/fft_comp.srs to /home/gel8580/CE387/HW/HW7/imp/syn/rev_1/fft.srs

compiler completed
# Tue Feb 24 16:15:31 2026

Return Code: 0
Run Time:00h:00m:02s

Running: multi_srs_gen (Multi-srs Generator) on fft|rev_1
# Tue Feb 24 16:15:31 2026

multi_srs_gen completed
# Tue Feb 24 16:15:31 2026

Return Code: 0
Run Time:00h:00m:00s
Copied /home/gel8580/CE387/HW/HW7/imp/syn/rev_1/synwork/fft_mult.srs to /home/gel8580/CE387/HW/HW7/imp/syn/rev_1/fft.srs
Complete: Compile Process on fft|rev_1

Running: premap (Premap) on fft|rev_1
# Tue Feb 24 16:15:31 2026

premap completed with warnings
# Tue Feb 24 16:15:32 2026

Return Code: 1
Run Time:00h:00m:01s
Complete: Compile on fft|rev_1

Running Flow: map (Map) on fft|rev_1
# Tue Feb 24 16:15:32 2026
License granted for 4 parallel jobs

Running: fpga_mapper (Map & Optimize) on fft|rev_1
# Tue Feb 24 16:15:32 2026
Copied /home/gel8580/CE387/HW/HW7/imp/syn/rev_1/synwork/fft_m.srm to /home/gel8580/CE387/HW/HW7/imp/syn/rev_1/fft.srm

fpga_mapper completed with warnings
# Tue Feb 24 16:16:16 2026

Return Code: 1
Run Time:00h:00m:44s
Complete: Map on fft|rev_1
Complete: Logic Synthesis on fft|rev_1
0log file: "/home/gel8580/CE387/HW/HW7/imp/syn/rev_1/fft.srr"
Running: rev_1 in foreground

Running fft|rev_1

Running Flow: compile (Compile) on fft|rev_1
# Tue Feb 24 16:21:35 2026

Running Flow: compile_flow (Compile Process) on fft|rev_1
# Tue Feb 24 16:21:35 2026

Running: compiler (Compile Input) on fft|rev_1
# Tue Feb 24 16:21:35 2026
Copied /home/gel8580/CE387/HW/HW7/imp/syn/rev_1/synwork/fft_comp.srs to /home/gel8580/CE387/HW/HW7/imp/syn/rev_1/fft.srs

compiler completed
# Tue Feb 24 16:21:37 2026

Return Code: 0
Run Time:00h:00m:02s

Running: multi_srs_gen (Multi-srs Generator) on fft|rev_1
# Tue Feb 24 16:21:37 2026

multi_srs_gen completed
# Tue Feb 24 16:21:38 2026

Return Code: 0
Run Time:00h:00m:01s
Copied /home/gel8580/CE387/HW/HW7/imp/syn/rev_1/synwork/fft_mult.srs to /home/gel8580/CE387/HW/HW7/imp/syn/rev_1/fft.srs
Complete: Compile Process on fft|rev_1

Running: premap (Premap) on fft|rev_1
# Tue Feb 24 16:21:38 2026

premap completed with warnings
# Tue Feb 24 16:21:38 2026

Return Code: 1
Run Time:00h:00m:00s
Complete: Compile on fft|rev_1

Running Flow: map (Map) on fft|rev_1
# Tue Feb 24 16:21:38 2026
License granted for 4 parallel jobs

Running: fpga_mapper (Map & Optimize) on fft|rev_1
# Tue Feb 24 16:21:38 2026
Copied /home/gel8580/CE387/HW/HW7/imp/syn/rev_1/synwork/fft_m.srm to /home/gel8580/CE387/HW/HW7/imp/syn/rev_1/fft.srm

fpga_mapper completed with warnings
# Tue Feb 24 16:21:58 2026

Return Code: 1
Run Time:00h:00m:20s
Complete: Map on fft|rev_1
Complete: Logic Synthesis on fft|rev_1
0log file: "/home/gel8580/CE387/HW/HW7/imp/syn/rev_1/fft.srr"
Running: rev_1 in foreground

Running fft|rev_1

Running Flow: compile (Compile) on fft|rev_1
# Tue Feb 24 16:25:11 2026

Running Flow: compile_flow (Compile Process) on fft|rev_1
# Tue Feb 24 16:25:11 2026

Running: compiler (Compile Input) on fft|rev_1
# Tue Feb 24 16:25:11 2026
Copied /home/gel8580/CE387/HW/HW7/imp/syn/rev_1/synwork/fft_comp.srs to /home/gel8580/CE387/HW/HW7/imp/syn/rev_1/fft.srs

compiler completed
# Tue Feb 24 16:25:13 2026

Return Code: 0
Run Time:00h:00m:02s

Running: multi_srs_gen (Multi-srs Generator) on fft|rev_1
# Tue Feb 24 16:25:13 2026

multi_srs_gen completed
# Tue Feb 24 16:25:13 2026

Return Code: 0
Run Time:00h:00m:00s
Copied /home/gel8580/CE387/HW/HW7/imp/syn/rev_1/synwork/fft_mult.srs to /home/gel8580/CE387/HW/HW7/imp/syn/rev_1/fft.srs
Complete: Compile Process on fft|rev_1

Running: premap (Premap) on fft|rev_1
# Tue Feb 24 16:25:13 2026

premap completed with warnings
# Tue Feb 24 16:25:14 2026

Return Code: 1
Run Time:00h:00m:01s
Complete: Compile on fft|rev_1

Running Flow: map (Map) on fft|rev_1
# Tue Feb 24 16:25:14 2026
License granted for 4 parallel jobs

Running: fpga_mapper (Map & Optimize) on fft|rev_1
# Tue Feb 24 16:25:14 2026
Copied /home/gel8580/CE387/HW/HW7/imp/syn/rev_1/synwork/fft_m.srm to /home/gel8580/CE387/HW/HW7/imp/syn/rev_1/fft.srm

fpga_mapper completed with warnings
# Tue Feb 24 16:25:29 2026

Return Code: 1
Run Time:00h:00m:15s
Complete: Map on fft|rev_1
Complete: Logic Synthesis on fft|rev_1
0log file: "/home/gel8580/CE387/HW/HW7/imp/syn/rev_1/fft.srr"
Running: rev_1 in foreground

Running fft|rev_1

Running Flow: compile (Compile) on fft|rev_1
# Tue Feb 24 16:29:14 2026

Running Flow: compile_flow (Compile Process) on fft|rev_1
# Tue Feb 24 16:29:14 2026

Running: compiler (Compile Input) on fft|rev_1
# Tue Feb 24 16:29:14 2026
Copied /home/gel8580/CE387/HW/HW7/imp/syn/rev_1/synwork/fft_comp.srs to /home/gel8580/CE387/HW/HW7/imp/syn/rev_1/fft.srs

compiler completed
# Tue Feb 24 16:29:16 2026

Return Code: 0
Run Time:00h:00m:02s

Running: multi_srs_gen (Multi-srs Generator) on fft|rev_1
# Tue Feb 24 16:29:16 2026

multi_srs_gen completed
# Tue Feb 24 16:29:16 2026

Return Code: 0
Run Time:00h:00m:00s
Copied /home/gel8580/CE387/HW/HW7/imp/syn/rev_1/synwork/fft_mult.srs to /home/gel8580/CE387/HW/HW7/imp/syn/rev_1/fft.srs
Complete: Compile Process on fft|rev_1

Running: premap (Premap) on fft|rev_1
# Tue Feb 24 16:29:16 2026

premap completed with warnings
# Tue Feb 24 16:29:17 2026

Return Code: 1
Run Time:00h:00m:01s
Complete: Compile on fft|rev_1

Running Flow: map (Map) on fft|rev_1
# Tue Feb 24 16:29:17 2026
License granted for 4 parallel jobs

Running: fpga_mapper (Map & Optimize) on fft|rev_1
# Tue Feb 24 16:29:17 2026
Copied /home/gel8580/CE387/HW/HW7/imp/syn/rev_1/synwork/fft_m.srm to /home/gel8580/CE387/HW/HW7/imp/syn/rev_1/fft.srm

fpga_mapper completed with warnings
# Tue Feb 24 16:29:31 2026

Return Code: 1
Run Time:00h:00m:14s
Complete: Map on fft|rev_1
Complete: Logic Synthesis on fft|rev_1
0Mouse stroke not recognized
log file: "/home/gel8580/CE387/HW/HW7/imp/syn/rev_1/fft.srr"
Running: rev_1 in foreground

Running fft|rev_1

Running Flow: compile (Compile) on fft|rev_1
# Tue Feb 24 16:35:13 2026

Running Flow: compile_flow (Compile Process) on fft|rev_1
# Tue Feb 24 16:35:13 2026

Running: compiler (Compile Input) on fft|rev_1
# Tue Feb 24 16:35:13 2026

compiler completed
# Tue Feb 24 16:35:14 2026

Return Code: 0
Run Time:00h:00m:01s

Running: multi_srs_gen (Multi-srs Generator) on fft|rev_1
# Tue Feb 24 16:35:14 2026
Up-To-Date: multi_srs_gen. No run necessary
Complete: Compile Process on fft|rev_1

Running: premap (Premap) on fft|rev_1
# Tue Feb 24 16:35:14 2026
Up-To-Date: premap. No run necessary
Complete: Compile on fft|rev_1

Running Flow: map (Map) on fft|rev_1
# Tue Feb 24 16:35:14 2026
License granted for 4 parallel jobs

Running: fpga_mapper (Map & Optimize) on fft|rev_1
# Tue Feb 24 16:35:14 2026
Up-To-Date: fpga_mapper. No run necessary
Complete: Map on fft|rev_1
Complete: Logic Synthesis on fft|rev_1
0Mouse stroke not recognized
Mouse stroke not recognized
Mouse stroke not recognized
exit status=0
License checkin: synplifypremierdp
