/vol/synopsys/fpga/O-2018.09-SP1/bin/m_altera  -prodtype  synplify_pro  -encrypt  -pro  -rundir  /home/gel8580/CE387/HW/HW7/imp/syn/rev_1   -part EP4CE115FC23-7    -maxfan 30 -verification_mode 0 -infer_seqShift -pipe -fixgatedclocks 1 -fixgeneratedclocks 1 -syn_altera_model on -mif_files_dirs " " -continue_on_error -validate_mif_files -reporting_ctd 1 -RWCheckOnRam 1 -summaryfile /home/gel8580/CE387/HW/HW7/imp/syn/rev_1/synlog/report/fft_fpga_mapper.xml -merge_inferred_clocks 0  -top_level_module  fft_top  -map  -licensetype  synplifypremierdp  -flow mapping  -mp  4  -prjfile  /home/gel8580/CE387/HW/HW7/imp/syn/rev_1/scratchproject.prs  -implementation  rev_1  -multisrs  -vqm41  -ovqm  /home/gel8580/CE387/HW/HW7/imp/syn/rev_1/fft.vqm   -autoconstraint  -freq 1.000   /home/gel8580/CE387/HW/HW7/imp/syn/rev_1/synwork/fft_prem.srd  -sap  /home/gel8580/CE387/HW/HW7/imp/syn/rev_1/fft.sap  -otap  /home/gel8580/CE387/HW/HW7/imp/syn/rev_1/fft.tap  -omap  /home/gel8580/CE387/HW/HW7/imp/syn/rev_1/fft.map  -devicelib  /vol/synopsys/fpga/O-2018.09-SP1/lib/altera/altera.v  -devicelib  /vol/synopsys/fpga/O-2018.09-SP1/lib/altera/quartus_prime181/cycloneive.v  -devicelib  /vol/synopsys/fpga/O-2018.09-SP1/lib/altera/quartus_prime181/altera_mf.v  -devicelib  /vol/synopsys/fpga/O-2018.09-SP1/lib/altera/quartus_prime181/altera_lpm.v  -devicelib  /vol/synopsys/fpga/O-2018.09-SP1/lib/altera/quartus_prime181/altera_primitives.v  -sap  /home/gel8580/CE387/HW/HW7/imp/syn/rev_1/fft.sap  -ologparam  /home/gel8580/CE387/HW/HW7/imp/syn/rev_1/syntmp/fft.plg  -osyn  /home/gel8580/CE387/HW/HW7/imp/syn/rev_1/fft.srm  -prjdir  /home/gel8580/CE387/HW/HW7/imp/syn/  -prjname  fft  -log  /home/gel8580/CE387/HW/HW7/imp/syn/rev_1/synlog/fft_fpga_mapper.srr  -sn  2018.09  -jobname  "fpga_mapper" 
relcom:/vol/synopsys/fpga/O-2018.09-SP1/bin/m_altera -prodtype synplify_pro -encrypt -pro -rundir ../../rev_1 -part EP4CE115FC23-7 -maxfan 30 -verification_mode 0 -infer_seqShift -pipe -fixgatedclocks 1 -fixgeneratedclocks 1 -syn_altera_model on -mif_files_dirs " " -continue_on_error -validate_mif_files -reporting_ctd 1 -RWCheckOnRam 1 -summaryfile ../synlog/report/fft_fpga_mapper.xml -merge_inferred_clocks 0 -top_level_module fft_top -map -licensetype synplifypremierdp -flow mapping -mp 4 -prjfile ../scratchproject.prs -implementation rev_1 -multisrs -vqm41 -ovqm ../fft.vqm -autoconstraint -freq 1.000 ../synwork/fft_prem.srd -sap ../fft.sap -otap ../fft.tap -omap ../fft.map -devicelib /vol/synopsys/fpga/O-2018.09-SP1/lib/altera/altera.v -devicelib /vol/synopsys/fpga/O-2018.09-SP1/lib/altera/quartus_prime181/cycloneive.v -devicelib /vol/synopsys/fpga/O-2018.09-SP1/lib/altera/quartus_prime181/altera_mf.v -devicelib /vol/synopsys/fpga/O-2018.09-SP1/lib/altera/quartus_prime181/altera_lpm.v -devicelib /vol/synopsys/fpga/O-2018.09-SP1/lib/altera/quartus_prime181/altera_primitives.v -sap ../fft.sap -ologparam fft.plg -osyn ../fft.srm -prjdir ../../ -prjname fft -log ../synlog/fft_fpga_mapper.srr -sn 2018.09 -jobname "fpga_mapper"
rc:0 success:1 runtime:0
file:../scratchproject.prs|io:o|time:1771971140|size:2394|exec:0|csum:
file:../fft.vqm|io:o|time:1771972170|size:2231753|exec:0|csum:
file:../synwork/fft_prem.srd|io:i|time:1771972157|size:102356|exec:0|csum:B98D8002073A1DAAD86CDEFBDC8638F1
file:../fft.sap|io:o|time:1771972157|size:2087|exec:0|csum:
file:../fft.tap|io:o|time:0|size:-1|exec:0|csum:
file:../fft.map|io:o|time:1771972171|size:27|exec:0|csum:
file:/vol/synopsys/fpga/O-2018.09-SP1/lib/altera/altera.v|io:i|time:1543381811|size:761|exec:0|csum:530DBF8BEE396EFE8B33F0255371F1EA
file:/vol/synopsys/fpga/O-2018.09-SP1/lib/altera/quartus_prime181/cycloneive.v|io:i|time:1543381840|size:248626|exec:0|csum:B7FC851277DB49C2CA5F418047EB2E4F
file:/vol/synopsys/fpga/O-2018.09-SP1/lib/altera/quartus_prime181/altera_mf.v|io:i|time:1543381839|size:2618882|exec:0|csum:84794777C52804010B1D63698E285DB9
file:/vol/synopsys/fpga/O-2018.09-SP1/lib/altera/quartus_prime181/altera_lpm.v|io:i|time:1543381839|size:14867|exec:0|csum:01D82E1D5975CD832C9D765243E5182D
file:/vol/synopsys/fpga/O-2018.09-SP1/lib/altera/quartus_prime181/altera_primitives.v|io:i|time:1543381839|size:35286|exec:0|csum:C0AAD8CA21730C472D624582C058B929
file:../fft.sap|io:o|time:1771972157|size:2087|exec:0|csum:
file:fft.plg|io:o|time:1771972171|size:528|exec:0|csum:
file:../fft.srm|io:o|time:1771972171|size:64695|exec:0|csum:
file:../synlog/fft_fpga_mapper.srr|io:o|time:1771972171|size:178040|exec:0|csum:
file:/vol/synopsys/fpga/O-2018.09-SP1/linux_a_64/m_altera|io:i|time:1543382473|size:31613712|exec:1|csum:5FBEB6EEDF3364EAF4B7F14711D19D39
file:/vol/synopsys/fpga/O-2018.09-SP1/bin/m_altera|io:i|time:1543381999|size:347|exec:1|csum:04851DFC0CBB288ED81DA3E420127D0D
