/vol/synopsys/fpga/O-2018.09-SP1/bin/c_hdl  -osyn  /home/gel8580/CE387/HW/HW5/imp/syn/rev_1/synwork/udp_parser_top_comp.srs  -top  udp_parser_top  -hdllog  /home/gel8580/CE387/HW/HW5/imp/syn/rev_1/synlog/udp_parser_top_compiler.srr  -encrypt  -mp  4  -prodtype  synplify_premier  -licensetype  synplifypremierdp  -distcompmode 1 -verification_mode 0  -verilog  -prodtype  synplify_premier  -verification_mode 0 -infer_seqShift -primux -fixsmult -dspmac -nram -divnmod -continue_on_error -nostructver   -I /home/gel8580/CE387/HW/HW5/imp/syn/  -I /vol/synopsys/fpga/O-2018.09-SP1/lib   -sysv  -devicelib  /vol/synopsys/fpga/O-2018.09-SP1/lib/altera/altera.v  -devicelib  /vol/synopsys/fpga/O-2018.09-SP1/lib/altera/quartus_prime181/cycloneive.v  -devicelib  /vol/synopsys/fpga/O-2018.09-SP1/lib/altera/quartus_prime181/altera_mf.v  -devicelib  /vol/synopsys/fpga/O-2018.09-SP1/lib/altera/quartus_prime181/altera_lpm.v  -devicelib  /vol/synopsys/fpga/O-2018.09-SP1/lib/altera/quartus_prime181/altera_primitives.v  -encrypt  -pro  -dmgen  /home/gel8580/CE387/HW/HW5/imp/syn/rev_1/dm  -auto_infer_blackbox 0 -proto -ui -fid2 -ram -sharing on -ll 2000 -autosm  -D_MULTIPLE_FILE_COMPILATION_UNIT_  -fast_synthesis 0  -lib work -fsysv /home/gel8580/CE387/HW/HW5/imp/sv/fifo.sv -lib work -fsysv /home/gel8580/CE387/HW/HW5/imp/sv/fifo_ctrl.sv -lib work -fsysv /home/gel8580/CE387/HW/HW5/imp/sv/udp_parser.sv -lib work -fsysv /home/gel8580/CE387/HW/HW5/imp/sv/udp_parser_top.sv  -jobname  "compiler" 
relcom:/vol/synopsys/fpga/O-2018.09-SP1/bin/c_hdl -osyn ../synwork/udp_parser_top_comp.srs -top udp_parser_top -hdllog ../synlog/udp_parser_top_compiler.srr -encrypt -mp 4 -prodtype synplify_premier -licensetype synplifypremierdp -distcompmode 1 -verification_mode 0 -verilog -prodtype synplify_premier -verification_mode 0 -infer_seqShift -primux -fixsmult -dspmac -nram -divnmod -continue_on_error -nostructver -I ../../ -I /vol/synopsys/fpga/O-2018.09-SP1/lib -sysv -devicelib /vol/synopsys/fpga/O-2018.09-SP1/lib/altera/altera.v -devicelib /vol/synopsys/fpga/O-2018.09-SP1/lib/altera/quartus_prime181/cycloneive.v -devicelib /vol/synopsys/fpga/O-2018.09-SP1/lib/altera/quartus_prime181/altera_mf.v -devicelib /vol/synopsys/fpga/O-2018.09-SP1/lib/altera/quartus_prime181/altera_lpm.v -devicelib /vol/synopsys/fpga/O-2018.09-SP1/lib/altera/quartus_prime181/altera_primitives.v -encrypt -pro -dmgen ../dm -auto_infer_blackbox 0 -proto -ui -fid2 -ram -sharing on -ll 2000 -autosm -D_MULTIPLE_FILE_COMPILATION_UNIT_ -fast_synthesis 0 -lib work -fsysv ../../../sv/fifo.sv -lib work -fsysv ../../../sv/fifo_ctrl.sv -lib work -fsysv ../../../sv/udp_parser.sv -lib work -fsysv ../../../sv/udp_parser_top.sv -jobname "compiler"
rc:0 success:1 runtime:5
file:../synwork/udp_parser_top_comp.srs|io:o|time:1770934389|size:12591|exec:0|csum:
file:../synlog/udp_parser_top_compiler.srr|io:o|time:1770934390|size:12321|exec:0|csum:
file:/vol/synopsys/fpga/O-2018.09-SP1/lib/altera/altera.v|io:i|time:1543381811|size:761|exec:0|csum:530DBF8BEE396EFE8B33F0255371F1EA
file:/vol/synopsys/fpga/O-2018.09-SP1/lib/altera/quartus_prime181/cycloneive.v|io:i|time:1543381840|size:248626|exec:0|csum:B7FC851277DB49C2CA5F418047EB2E4F
file:/vol/synopsys/fpga/O-2018.09-SP1/lib/altera/quartus_prime181/altera_mf.v|io:i|time:1543381839|size:2618882|exec:0|csum:84794777C52804010B1D63698E285DB9
file:/vol/synopsys/fpga/O-2018.09-SP1/lib/altera/quartus_prime181/altera_lpm.v|io:i|time:1543381839|size:14867|exec:0|csum:01D82E1D5975CD832C9D765243E5182D
file:/vol/synopsys/fpga/O-2018.09-SP1/lib/altera/quartus_prime181/altera_primitives.v|io:i|time:1543381839|size:35286|exec:0|csum:C0AAD8CA21730C472D624582C058B929
file:./-fsysv|io:i|time:0|size:-1|exec:0|csum:
file:../../../sv/fifo.sv|io:i|time:1770929809|size:2357|exec:0|csum:0BD5D3C76FDF268CBB10E3B454B91EB5
file:./-fsysv|io:i|time:0|size:-1|exec:0|csum:
file:../../../sv/fifo_ctrl.sv|io:i|time:1770787555|size:1536|exec:0|csum:D82C3D2007EC2C601240A368BD8C2C9F
file:./-fsysv|io:i|time:0|size:-1|exec:0|csum:
file:../../../sv/udp_parser.sv|io:i|time:1770932048|size:8457|exec:0|csum:B580E8C04DBA4AB03953751D6738CA3D
file:./-fsysv|io:i|time:0|size:-1|exec:0|csum:
file:../../../sv/udp_parser_top.sv|io:i|time:1770864350|size:2249|exec:0|csum:5ACBBD214C6105EEE9C21F3ACF2F5C66
file:/vol/synopsys/fpga/O-2018.09-SP1/linux_a_64/c_hdl|io:i|time:1543382462|size:8760008|exec:1|csum:CF968C540087EF9F5288FFCDBF191EA5
file:/vol/synopsys/fpga/O-2018.09-SP1/bin/c_hdl|io:i|time:1543382354|size:367|exec:1|csum:E52A0D56112AD6C22F02B648B6F508CE
