
                             Synplify (R) Premier 

                Version O-2018.09-SP1 for RHEL64 - Nov 27, 2018 

                    Copyright (c) 1988 - 2018 Synopsys, Inc.
   This software and the associated documentation are proprietary to Synopsys,
 Inc. This software may only be used in accordance with the terms and conditions
 of a written license agreement with Synopsys, Inc. All other use, reproduction,
            or distribution of this software is strictly prohibited.

Starting:    /vol/synopsys/fpga/O-2018.09-SP1/linux_a_64/mbin/synplify
Install:     /vol/synopsys/fpga/O-2018.09-SP1
Hostname:    finagle.wot.ece.northwestern.edu
Date:        Mon Mar  2 15:54:27 2026
Version:     O-2018.09-SP1

Arguments:   -product synplify_premier
ProductType: synplify_premier

License checkout: synplifypremierdp
License: synplifypremierdp from server synopsyslm.ece.northwestern.edu (Using premium license)
Licensed Vendor: All FPGA
License Option: ident



log file: "/home/gel8580/CE387/Final_Project/FM_Radio/imp/syn/rev_1/fm_radio.srr"
Running: rev_1 in foreground

Running fm_radio|rev_1

Running Flow: compile (Compile) on fm_radio|rev_1
# Mon Mar  2 15:54:44 2026

Running Flow: compile_flow (Compile Process) on fm_radio|rev_1
# Mon Mar  2 15:54:44 2026
License granted for 4 parallel jobs

Running: compiler (Compile Input) on fm_radio|rev_1
# Mon Mar  2 15:54:44 2026
Copied /home/gel8580/CE387/Final_Project/FM_Radio/imp/syn/rev_1/synwork/fm_radio_comp.srs to /home/gel8580/CE387/Final_Project/FM_Radio/imp/syn/rev_1/fm_radio.srs

compiler completed
# Mon Mar  2 15:54:51 2026

Return Code: 0
Run Time:00h:00m:07s

Running: multi_srs_gen (Multi-srs Generator) on fm_radio|rev_1
# Mon Mar  2 15:54:51 2026

multi_srs_gen completed
# Mon Mar  2 15:54:51 2026

Return Code: 0
Run Time:00h:00m:00s
Copied /home/gel8580/CE387/Final_Project/FM_Radio/imp/syn/rev_1/synwork/fm_radio_mult.srs to /home/gel8580/CE387/Final_Project/FM_Radio/imp/syn/rev_1/fm_radio.srs
Complete: Compile Process on fm_radio|rev_1

Running: premap (Premap) on fm_radio|rev_1
# Mon Mar  2 15:54:51 2026

premap completed with warnings
# Mon Mar  2 15:54:52 2026

Return Code: 1
Run Time:00h:00m:01s
Complete: Compile on fm_radio|rev_1

Running Flow: map (Map) on fm_radio|rev_1
# Mon Mar  2 15:54:52 2026
License granted for 4 parallel jobs

Running: fpga_mapper (Map & Optimize) on fm_radio|rev_1
# Mon Mar  2 15:54:52 2026
Copied /home/gel8580/CE387/Final_Project/FM_Radio/imp/syn/rev_1/synwork/fm_radio_m.srm to /home/gel8580/CE387/Final_Project/FM_Radio/imp/syn/rev_1/fm_radio.srm

fpga_mapper completed with warnings
# Mon Mar  2 16:07:12 2026

Return Code: 1
Run Time:00h:12m:20s
Complete: Map on fm_radio|rev_1
Complete: Logic Synthesis on fm_radio|rev_1
0Copied /home/gel8580/CE387/Final_Project/FM_Radio/imp/syn/rev_1/fm_radio.srr to /home/gel8580/CE387/Final_Project/FM_Radio/imp/syn/rev_1/backup/fm_radio.srr
log file: "/home/gel8580/CE387/Final_Project/FM_Radio/imp/syn/rev_1/fm_radio.srr"
Running: rev_1 in foreground

Running fm_radio|rev_1

Running Flow: compile (Compile) on fm_radio|rev_1
# Mon Mar  2 16:14:16 2026

Running Flow: compile_flow (Compile Process) on fm_radio|rev_1
# Mon Mar  2 16:14:16 2026
License granted for 4 parallel jobs

Running: compiler (Compile Input) on fm_radio|rev_1
# Mon Mar  2 16:14:16 2026
Copied /home/gel8580/CE387/Final_Project/FM_Radio/imp/syn/rev_1/synwork/fm_radio_comp.srs to /home/gel8580/CE387/Final_Project/FM_Radio/imp/syn/rev_1/fm_radio.srs

compiler completed
# Mon Mar  2 16:14:21 2026

Return Code: 0
Run Time:00h:00m:05s

Running: multi_srs_gen (Multi-srs Generator) on fm_radio|rev_1
# Mon Mar  2 16:14:21 2026

multi_srs_gen completed
# Mon Mar  2 16:14:22 2026

Return Code: 0
Run Time:00h:00m:01s
Copied /home/gel8580/CE387/Final_Project/FM_Radio/imp/syn/rev_1/synwork/fm_radio_mult.srs to /home/gel8580/CE387/Final_Project/FM_Radio/imp/syn/rev_1/fm_radio.srs
Complete: Compile Process on fm_radio|rev_1

Running: premap (Premap) on fm_radio|rev_1
# Mon Mar  2 16:14:22 2026

premap completed with warnings
# Mon Mar  2 16:14:23 2026

Return Code: 1
Run Time:00h:00m:01s
Complete: Compile on fm_radio|rev_1

Running Flow: map (Map) on fm_radio|rev_1
# Mon Mar  2 16:14:23 2026
License granted for 4 parallel jobs

Running: fpga_mapper (Map & Optimize) on fm_radio|rev_1
# Mon Mar  2 16:14:23 2026
Copied /home/gel8580/CE387/Final_Project/FM_Radio/imp/syn/rev_1/synwork/fm_radio_m.srm to /home/gel8580/CE387/Final_Project/FM_Radio/imp/syn/rev_1/fm_radio.srm

fpga_mapper completed with warnings
# Mon Mar  2 16:18:08 2026

Return Code: 1
Run Time:00h:03m:45s
Complete: Map on fm_radio|rev_1
Complete: Logic Synthesis on fm_radio|rev_1
0log file: "/home/gel8580/CE387/Final_Project/FM_Radio/imp/syn/rev_1/fm_radio.srr"
Running: rev_1 in foreground

Running fm_radio|rev_1

Running Flow: compile (Compile) on fm_radio|rev_1
# Mon Mar  2 16:23:30 2026

Running Flow: compile_flow (Compile Process) on fm_radio|rev_1
# Mon Mar  2 16:23:30 2026
License granted for 4 parallel jobs

Running: compiler (Compile Input) on fm_radio|rev_1
# Mon Mar  2 16:23:30 2026
Copied /home/gel8580/CE387/Final_Project/FM_Radio/imp/syn/rev_1/synwork/fm_radio_comp.srs to /home/gel8580/CE387/Final_Project/FM_Radio/imp/syn/rev_1/fm_radio.srs

compiler completed
# Mon Mar  2 16:23:36 2026

Return Code: 0
Run Time:00h:00m:06s

Running: multi_srs_gen (Multi-srs Generator) on fm_radio|rev_1
# Mon Mar  2 16:23:36 2026

multi_srs_gen completed
# Mon Mar  2 16:23:36 2026

Return Code: 0
Run Time:00h:00m:00s
Copied /home/gel8580/CE387/Final_Project/FM_Radio/imp/syn/rev_1/synwork/fm_radio_mult.srs to /home/gel8580/CE387/Final_Project/FM_Radio/imp/syn/rev_1/fm_radio.srs
Complete: Compile Process on fm_radio|rev_1

Running: premap (Premap) on fm_radio|rev_1
# Mon Mar  2 16:23:36 2026

premap completed with warnings
# Mon Mar  2 16:23:37 2026

Return Code: 1
Run Time:00h:00m:01s
Complete: Compile on fm_radio|rev_1

Running Flow: map (Map) on fm_radio|rev_1
# Mon Mar  2 16:23:37 2026
License granted for 4 parallel jobs

Running: fpga_mapper (Map & Optimize) on fm_radio|rev_1
# Mon Mar  2 16:23:37 2026
1WARNING:  No database file, or it is out of date.
INFO:  Resetting Correlation database
WARNING:  No database file, or it is out of date.
INFO:  Target Implementation: /home/gel8580/CE387/Final_Project/FM_Radio/imp/syn/fm_radio.prj|rev_1
INFO:  **** *_synplify.sdc verification mode  *****
INFO:  Running with: effort = high, paths per endpoint = 1, sorted by = slack, QOR mode = 1 
 
INFO:  Exiting after *.itd file creation, correlation check not run. 
 
0
/home/gel8580/CE387/Final_Project/FM_Radio/imp/syn/rev_1/sdc_verif_slack.xml /home/gel8580/CE387/Final_Project/FM_Radio/imp/syn/rev_1/sdc_verif_slack_match.xml0
/home/gel8580/CE387/Final_Project/FM_Radio/imp/syn/rev_1/sdc_verif_slack.xml /home/gel8580/CE387/Final_Project/FM_Radio/imp/syn/rev_1/sdc_verif_slack_match.xmlCopied /home/gel8580/CE387/Final_Project/FM_Radio/imp/syn/rev_1/synwork/fm_radio_m.srm to /home/gel8580/CE387/Final_Project/FM_Radio/imp/syn/rev_1/fm_radio.srm

fpga_mapper completed with warnings
# Mon Mar  2 16:27:43 2026

Return Code: 1
Run Time:00h:04m:06s
Complete: Map on fm_radio|rev_1
Complete: Logic Synthesis on fm_radio|rev_1
