/vol/synopsys/fpga/O-2018.09-SP1/bin/m_altera  -prodtype  synplify_premier  -encrypt  -pro  -rundir  /home/gel8580/CE387_new/HW/HW6/imp/syn/rev_1   -part EP4CE115FC23-7    -maxfan 30 -verification_mode 0 -infer_seqShift -pipe -fixgatedclocks 1 -fixgeneratedclocks 1 -syn_altera_model on -mif_files_dirs " " -synthesis_strategy advanced -continue_on_error -validate_mif_files -reporting_ctd 0 -RWCheckOnRam 1 -summaryfile /home/gel8580/CE387_new/HW/HW6/imp/syn/rev_1/synlog/report/cordic_fpga_mapper.xml -merge_inferred_clocks 0  -top_level_module  cordic_top  -map  -licensetype  synplifypremierdp  -flow mapping  -mp  4  -prjfile  /home/gel8580/CE387_new/HW/HW6/imp/syn/rev_1/scratchproject.prs  -implementation  rev_1  -multisrs  -vqm41  -ovqm  /home/gel8580/CE387_new/HW/HW6/imp/syn/rev_1/cordic.vqm   -autoconstraint  -freq 1.000   /home/gel8580/CE387_new/HW/HW6/imp/syn/rev_1/synwork/cordic_prem.srd  -sap  /home/gel8580/CE387_new/HW/HW6/imp/syn/rev_1/cordic.sap  -otap  /home/gel8580/CE387_new/HW/HW6/imp/syn/rev_1/cordic.tap  -omap  /home/gel8580/CE387_new/HW/HW6/imp/syn/rev_1/cordic.map  -devicelib  /vol/synopsys/fpga/O-2018.09-SP1/lib/altera/altera.v  -devicelib  /vol/synopsys/fpga/O-2018.09-SP1/lib/altera/quartus_prime181/cycloneive.v  -devicelib  /vol/synopsys/fpga/O-2018.09-SP1/lib/altera/quartus_prime181/altera_mf.v  -devicelib  /vol/synopsys/fpga/O-2018.09-SP1/lib/altera/quartus_prime181/altera_lpm.v  -devicelib  /vol/synopsys/fpga/O-2018.09-SP1/lib/altera/quartus_prime181/altera_primitives.v  -sap  /home/gel8580/CE387_new/HW/HW6/imp/syn/rev_1/cordic.sap  -ologparam  /home/gel8580/CE387_new/HW/HW6/imp/syn/rev_1/syntmp/cordic.plg  -osyn  /home/gel8580/CE387_new/HW/HW6/imp/syn/rev_1/cordic.srm  -prjdir  /home/gel8580/CE387_new/HW/HW6/imp/syn/  -prjname  cordic  -log  /home/gel8580/CE387_new/HW/HW6/imp/syn/rev_1/synlog/cordic_fpga_mapper.srr  -sn  2018.09  -jobname  "fpga_mapper" 
relcom:/vol/synopsys/fpga/O-2018.09-SP1/bin/m_altera -prodtype synplify_premier -encrypt -pro -rundir ../../rev_1 -part EP4CE115FC23-7 -maxfan 30 -verification_mode 0 -infer_seqShift -pipe -fixgatedclocks 1 -fixgeneratedclocks 1 -syn_altera_model on -mif_files_dirs " " -synthesis_strategy advanced -continue_on_error -validate_mif_files -reporting_ctd 0 -RWCheckOnRam 1 -summaryfile ../synlog/report/cordic_fpga_mapper.xml -merge_inferred_clocks 0 -top_level_module cordic_top -map -licensetype synplifypremierdp -flow mapping -mp 4 -prjfile ../scratchproject.prs -implementation rev_1 -multisrs -vqm41 -ovqm ../cordic.vqm -autoconstraint -freq 1.000 ../synwork/cordic_prem.srd -sap ../cordic.sap -otap ../cordic.tap -omap ../cordic.map -devicelib /vol/synopsys/fpga/O-2018.09-SP1/lib/altera/altera.v -devicelib /vol/synopsys/fpga/O-2018.09-SP1/lib/altera/quartus_prime181/cycloneive.v -devicelib /vol/synopsys/fpga/O-2018.09-SP1/lib/altera/quartus_prime181/altera_mf.v -devicelib /vol/synopsys/fpga/O-2018.09-SP1/lib/altera/quartus_prime181/altera_lpm.v -devicelib /vol/synopsys/fpga/O-2018.09-SP1/lib/altera/quartus_prime181/altera_primitives.v -sap ../cordic.sap -ologparam cordic.plg -osyn ../cordic.srm -prjdir ../../ -prjname cordic -log ../synlog/cordic_fpga_mapper.srr -sn 2018.09 -jobname "fpga_mapper"
rc:1 success:1 runtime:3
file:../scratchproject.prs|io:o|time:1771367388|size:1970|exec:0|csum:
file:../cordic.vqm|io:o|time:1771367396|size:143663|exec:0|csum:
file:../synwork/cordic_prem.srd|io:i|time:1771367393|size:14111|exec:0|csum:2DC39BAB4FA5CA7568765E3AD8B44D11
file:../cordic.sap|io:o|time:1771367393|size:681|exec:0|csum:
file:../cordic.tap|io:o|time:0|size:-1|exec:0|csum:
file:../cordic.map|io:o|time:1771367397|size:27|exec:0|csum:
file:/vol/synopsys/fpga/O-2018.09-SP1/lib/altera/altera.v|io:i|time:1543381811|size:761|exec:0|csum:530DBF8BEE396EFE8B33F0255371F1EA
file:/vol/synopsys/fpga/O-2018.09-SP1/lib/altera/quartus_prime181/cycloneive.v|io:i|time:1543381840|size:248626|exec:0|csum:B7FC851277DB49C2CA5F418047EB2E4F
file:/vol/synopsys/fpga/O-2018.09-SP1/lib/altera/quartus_prime181/altera_mf.v|io:i|time:1543381839|size:2618882|exec:0|csum:84794777C52804010B1D63698E285DB9
file:/vol/synopsys/fpga/O-2018.09-SP1/lib/altera/quartus_prime181/altera_lpm.v|io:i|time:1543381839|size:14867|exec:0|csum:01D82E1D5975CD832C9D765243E5182D
file:/vol/synopsys/fpga/O-2018.09-SP1/lib/altera/quartus_prime181/altera_primitives.v|io:i|time:1543381839|size:35286|exec:0|csum:C0AAD8CA21730C472D624582C058B929
file:../cordic.sap|io:o|time:1771367393|size:681|exec:0|csum:
file:cordic.plg|io:o|time:1771367397|size:520|exec:0|csum:
file:../cordic.srm|io:o|time:1771367397|size:49124|exec:0|csum:
file:../synlog/cordic_fpga_mapper.srr|io:o|time:1771367397|size:100652|exec:0|csum:
file:/vol/synopsys/fpga/O-2018.09-SP1/linux_a_64/m_altera|io:i|time:1543382473|size:31613712|exec:1|csum:5FBEB6EEDF3364EAF4B7F14711D19D39
file:/vol/synopsys/fpga/O-2018.09-SP1/bin/m_altera|io:i|time:1543381999|size:347|exec:1|csum:04851DFC0CBB288ED81DA3E420127D0D
