/vol/synopsys/fpga/O-2018.09-SP1/bin/c_hdl  -osyn  /home/gel8580/CE387_new/HW/HW6/imp/syn/rev_1/synwork/cordic_comp.srs  -top  cordic_top  -hdllog  /home/gel8580/CE387_new/HW/HW6/imp/syn/rev_1/synlog/cordic_compiler.srr  -encrypt  -mp  4  -prodtype  synplify_premier  -licensetype  synplifypremierdp  -distcompmode 1 -verification_mode 0  -verilog  -prodtype  synplify_premier  -verification_mode 0 -infer_seqShift -primux -fixsmult -dspmac -nram -divnmod -continue_on_error -nostructver   -I /home/gel8580/CE387_new/HW/HW6/imp/syn/  -I /vol/synopsys/fpga/O-2018.09-SP1/lib   -sysv  -devicelib  /vol/synopsys/fpga/O-2018.09-SP1/lib/altera/altera.v  -devicelib  /vol/synopsys/fpga/O-2018.09-SP1/lib/altera/quartus_prime181/cycloneive.v  -devicelib  /vol/synopsys/fpga/O-2018.09-SP1/lib/altera/quartus_prime181/altera_mf.v  -devicelib  /vol/synopsys/fpga/O-2018.09-SP1/lib/altera/quartus_prime181/altera_lpm.v  -devicelib  /vol/synopsys/fpga/O-2018.09-SP1/lib/altera/quartus_prime181/altera_primitives.v  -encrypt  -pro  -dmgen  /home/gel8580/CE387_new/HW/HW6/imp/syn/rev_1/dm  -auto_infer_blackbox 0 -proto -ui -fid2 -ram -sharing on -ll 2000 -autosm  -D_MULTIPLE_FILE_COMPILATION_UNIT_  -fast_synthesis 0  -lib work -fsysv /home/gel8580/CE387_new/HW/HW6/imp/sv/fifo.sv -lib work -fsysv /home/gel8580/CE387_new/HW/HW6/imp/sv/cordic_stage.sv -lib work -fsysv /home/gel8580/CE387_new/HW/HW6/imp/sv/cordic.sv -lib work -fsysv /home/gel8580/CE387_new/HW/HW6/imp/sv/cordic_top.sv  -jobname  "compiler" 
relcom:/vol/synopsys/fpga/O-2018.09-SP1/bin/c_hdl -osyn ../synwork/cordic_comp.srs -top cordic_top -hdllog ../synlog/cordic_compiler.srr -encrypt -mp 4 -prodtype synplify_premier -licensetype synplifypremierdp -distcompmode 1 -verification_mode 0 -verilog -prodtype synplify_premier -verification_mode 0 -infer_seqShift -primux -fixsmult -dspmac -nram -divnmod -continue_on_error -nostructver -I ../../ -I /vol/synopsys/fpga/O-2018.09-SP1/lib -sysv -devicelib /vol/synopsys/fpga/O-2018.09-SP1/lib/altera/altera.v -devicelib /vol/synopsys/fpga/O-2018.09-SP1/lib/altera/quartus_prime181/cycloneive.v -devicelib /vol/synopsys/fpga/O-2018.09-SP1/lib/altera/quartus_prime181/altera_mf.v -devicelib /vol/synopsys/fpga/O-2018.09-SP1/lib/altera/quartus_prime181/altera_lpm.v -devicelib /vol/synopsys/fpga/O-2018.09-SP1/lib/altera/quartus_prime181/altera_primitives.v -encrypt -pro -dmgen ../dm -auto_infer_blackbox 0 -proto -ui -fid2 -ram -sharing on -ll 2000 -autosm -D_MULTIPLE_FILE_COMPILATION_UNIT_ -fast_synthesis 0 -lib work -fsysv ../../../sv/fifo.sv -lib work -fsysv ../../../sv/cordic_stage.sv -lib work -fsysv ../../../sv/cordic.sv -lib work -fsysv ../../../sv/cordic_top.sv -jobname "compiler"
rc:0 success:1 runtime:5
file:../synwork/cordic_comp.srs|io:o|time:1771453718|size:35103|exec:0|csum:
file:../synlog/cordic_compiler.srr|io:o|time:1771453719|size:17823|exec:0|csum:
file:/vol/synopsys/fpga/O-2018.09-SP1/lib/altera/altera.v|io:i|time:1543381811|size:761|exec:0|csum:530DBF8BEE396EFE8B33F0255371F1EA
file:/vol/synopsys/fpga/O-2018.09-SP1/lib/altera/quartus_prime181/cycloneive.v|io:i|time:1543381840|size:248626|exec:0|csum:B7FC851277DB49C2CA5F418047EB2E4F
file:/vol/synopsys/fpga/O-2018.09-SP1/lib/altera/quartus_prime181/altera_mf.v|io:i|time:1543381839|size:2618882|exec:0|csum:84794777C52804010B1D63698E285DB9
file:/vol/synopsys/fpga/O-2018.09-SP1/lib/altera/quartus_prime181/altera_lpm.v|io:i|time:1543381839|size:14867|exec:0|csum:01D82E1D5975CD832C9D765243E5182D
file:/vol/synopsys/fpga/O-2018.09-SP1/lib/altera/quartus_prime181/altera_primitives.v|io:i|time:1543381839|size:35286|exec:0|csum:C0AAD8CA21730C472D624582C058B929
file:./-fsysv|io:i|time:0|size:-1|exec:0|csum:
file:../../../sv/fifo.sv|io:i|time:1771365909|size:2420|exec:0|csum:CE15F32042F078FBAC1B0FD2D6ED54EC
file:./-fsysv|io:i|time:0|size:-1|exec:0|csum:
file:../../../sv/cordic_stage.sv|io:i|time:1771452223|size:2682|exec:0|csum:2FB7C1997008720B9CE5CC91D1FEEA04
file:./-fsysv|io:i|time:0|size:-1|exec:0|csum:
file:../../../sv/cordic.sv|io:i|time:1771452225|size:6123|exec:0|csum:86FD386F721782DDFFA55C1EC1A16F2F
file:./-fsysv|io:i|time:0|size:-1|exec:0|csum:
file:../../../sv/cordic_top.sv|io:i|time:1771453028|size:1264|exec:0|csum:A71C250DA86CE4331B1B51A0B72C1A46
file:/vol/synopsys/fpga/O-2018.09-SP1/linux_a_64/c_hdl|io:i|time:1543382462|size:8760008|exec:1|csum:CF968C540087EF9F5288FFCDBF191EA5
file:/vol/synopsys/fpga/O-2018.09-SP1/bin/c_hdl|io:i|time:1543382354|size:367|exec:1|csum:E52A0D56112AD6C22F02B648B6F508CE
