/vol/synopsys/fpga/O-2018.09-SP1/bin/c_hdl  -osyn  /home/gel8580/CE387/HW/HW3/syn/rev_1/synwork/motion_detect_top_comp.srs  -top  motion_detect_top  -hdllog  /home/gel8580/CE387/HW/HW3/syn/rev_1/synlog/motion_detect_top_compiler.srr  -encrypt  -mp  4  -prodtype  synplify_pro  -licensetype  synplifypremierdp  -verification_mode 0  -verilog  -prodtype  synplify_pro  -verification_mode 0 -infer_seqShift -primux -fixsmult -dspmac -nram -divnmod  -nostructver   -I /home/gel8580/CE387/HW/HW3/syn/  -I /vol/synopsys/fpga/O-2018.09-SP1/lib   -sysv  -devicelib  /vol/synopsys/fpga/O-2018.09-SP1/lib/altera/altera.v  -devicelib  /vol/synopsys/fpga/O-2018.09-SP1/lib/altera/quartus_prime181/cycloneive.v  -devicelib  /vol/synopsys/fpga/O-2018.09-SP1/lib/altera/quartus_prime181/altera_mf.v  -devicelib  /vol/synopsys/fpga/O-2018.09-SP1/lib/altera/quartus_prime181/altera_lpm.v  -devicelib  /vol/synopsys/fpga/O-2018.09-SP1/lib/altera/quartus_prime181/altera_primitives.v  -encrypt  -pro  -dmgen  /home/gel8580/CE387/HW/HW3/syn/rev_1/dm  -ui -fid2 -ram -sharing on -ll 2000 -autosm  -D_MULTIPLE_FILE_COMPILATION_UNIT_  -fast_synthesis 0  -lib work -fsysv /home/gel8580/CE387/HW/HW3/sv/fifo.sv -lib work -fsysv /home/gel8580/CE387/HW/HW3/sv/grayscale.sv -lib work -fsysv /home/gel8580/CE387/HW/HW3/sv/background_sub.sv -lib work -fsysv /home/gel8580/CE387/HW/HW3/sv/highlight.sv -lib work -fsysv /home/gel8580/CE387/HW/HW3/sv/motion_detect_top.sv  -jobname  "compiler" 
relcom:/vol/synopsys/fpga/O-2018.09-SP1/bin/c_hdl -osyn ../synwork/motion_detect_top_comp.srs -top motion_detect_top -hdllog ../synlog/motion_detect_top_compiler.srr -encrypt -mp 4 -prodtype synplify_pro -licensetype synplifypremierdp -verification_mode 0 -verilog -prodtype synplify_pro -verification_mode 0 -infer_seqShift -primux -fixsmult -dspmac -nram -divnmod -nostructver -I ../../ -I /vol/synopsys/fpga/O-2018.09-SP1/lib -sysv -devicelib /vol/synopsys/fpga/O-2018.09-SP1/lib/altera/altera.v -devicelib /vol/synopsys/fpga/O-2018.09-SP1/lib/altera/quartus_prime181/cycloneive.v -devicelib /vol/synopsys/fpga/O-2018.09-SP1/lib/altera/quartus_prime181/altera_mf.v -devicelib /vol/synopsys/fpga/O-2018.09-SP1/lib/altera/quartus_prime181/altera_lpm.v -devicelib /vol/synopsys/fpga/O-2018.09-SP1/lib/altera/quartus_prime181/altera_primitives.v -encrypt -pro -dmgen ../dm -ui -fid2 -ram -sharing on -ll 2000 -autosm -D_MULTIPLE_FILE_COMPILATION_UNIT_ -fast_synthesis 0 -lib work -fsysv ../../../sv/fifo.sv -lib work -fsysv ../../../sv/grayscale.sv -lib work -fsysv ../../../sv/background_sub.sv -lib work -fsysv ../../../sv/highlight.sv -lib work -fsysv ../../../sv/motion_detect_top.sv -jobname "compiler"
rc:0 success:1 runtime:3
file:../synwork/motion_detect_top_comp.srs|io:o|time:1769288524|size:11922|exec:0|csum:
file:../synlog/motion_detect_top_compiler.srr|io:o|time:1769288524|size:10870|exec:0|csum:
file:/vol/synopsys/fpga/O-2018.09-SP1/lib/altera/altera.v|io:i|time:1543381811|size:761|exec:0|csum:530DBF8BEE396EFE8B33F0255371F1EA
file:/vol/synopsys/fpga/O-2018.09-SP1/lib/altera/quartus_prime181/cycloneive.v|io:i|time:1543381840|size:248626|exec:0|csum:B7FC851277DB49C2CA5F418047EB2E4F
file:/vol/synopsys/fpga/O-2018.09-SP1/lib/altera/quartus_prime181/altera_mf.v|io:i|time:1543381839|size:2618882|exec:0|csum:84794777C52804010B1D63698E285DB9
file:/vol/synopsys/fpga/O-2018.09-SP1/lib/altera/quartus_prime181/altera_lpm.v|io:i|time:1543381839|size:14867|exec:0|csum:01D82E1D5975CD832C9D765243E5182D
file:/vol/synopsys/fpga/O-2018.09-SP1/lib/altera/quartus_prime181/altera_primitives.v|io:i|time:1543381839|size:35286|exec:0|csum:C0AAD8CA21730C472D624582C058B929
file:./-fsysv|io:i|time:0|size:-1|exec:0|csum:
file:../../../sv/fifo.sv|io:i|time:1769285899|size:2356|exec:0|csum:33B9FA2078BC37D24711328D3EA8D990
file:./-fsysv|io:i|time:0|size:-1|exec:0|csum:
file:../../../sv/grayscale.sv|io:i|time:1769285913|size:1410|exec:0|csum:1C6BFCFF989D9825CC4D57BF7F278038
file:./-fsysv|io:i|time:0|size:-1|exec:0|csum:
file:../../../sv/background_sub.sv|io:i|time:1769285931|size:1910|exec:0|csum:AE64B5B451982380F794AC8B5E2372EF
file:./-fsysv|io:i|time:0|size:-1|exec:0|csum:
file:../../../sv/highlight.sv|io:i|time:1769285959|size:4916|exec:0|csum:4D69773481B4286624E6D2FE2F15648F
file:./-fsysv|io:i|time:0|size:-1|exec:0|csum:
file:../../../sv/motion_detect_top.sv|io:i|time:1769285959|size:5936|exec:0|csum:3220FD6A06BBD9F91539990BF13AA2C4
file:/vol/synopsys/fpga/O-2018.09-SP1/linux_a_64/c_hdl|io:i|time:1543382462|size:8760008|exec:1|csum:CF968C540087EF9F5288FFCDBF191EA5
file:/vol/synopsys/fpga/O-2018.09-SP1/bin/c_hdl|io:i|time:1543382354|size:367|exec:1|csum:E52A0D56112AD6C22F02B648B6F508CE
