
                             Synplify (R) Premier 

                Version O-2018.09-SP1 for RHEL64 - Nov 27, 2018 

                    Copyright (c) 1988 - 2018 Synopsys, Inc.
   This software and the associated documentation are proprietary to Synopsys,
 Inc. This software may only be used in accordance with the terms and conditions
 of a written license agreement with Synopsys, Inc. All other use, reproduction,
            or distribution of this software is strictly prohibited.

Starting:    /vol/synopsys/fpga/O-2018.09-SP1/linux_a_64/mbin/synplify
Install:     /vol/synopsys/fpga/O-2018.09-SP1
Hostname:    finagle.wot.ece.northwestern.edu
Date:        Wed Mar  4 22:18:44 2026
Version:     O-2018.09-SP1

Arguments:   -product synplify_premier
ProductType: synplify_premier

License checkout: synplifypremierdp
License: synplifypremierdp from server synopsyslm.ece.northwestern.edu (Using premium license)
Licensed Vendor: All FPGA
License Option: ident



log file: "/home/gel8580/CE387/HW/HW8/gel8580_HW8/syn/rev_1/nn_top.srr"
Running: rev_1 in foreground

Running nn_top|rev_1

Running Flow: compile (Compile) on nn_top|rev_1
# Wed Mar  4 22:18:56 2026

Running Flow: compile_flow (Compile Process) on nn_top|rev_1
# Wed Mar  4 22:18:56 2026
License granted for 4 parallel jobs

Running: compiler (Compile Input) on nn_top|rev_1
# Wed Mar  4 22:18:56 2026
Copied /home/gel8580/CE387/HW/HW8/gel8580_HW8/syn/rev_1/synwork/nn_top_comp.srs to /home/gel8580/CE387/HW/HW8/gel8580_HW8/syn/rev_1/nn_top.srs

compiler completed
# Wed Mar  4 22:19:01 2026

Return Code: 0
Run Time:00h:00m:05s

Running: multi_srs_gen (Multi-srs Generator) on nn_top|rev_1
# Wed Mar  4 22:19:01 2026

multi_srs_gen completed
# Wed Mar  4 22:19:01 2026

Return Code: 0
Run Time:00h:00m:00s
Copied /home/gel8580/CE387/HW/HW8/gel8580_HW8/syn/rev_1/synwork/nn_top_mult.srs to /home/gel8580/CE387/HW/HW8/gel8580_HW8/syn/rev_1/nn_top.srs
Complete: Compile Process on nn_top|rev_1

Running: premap (Premap) on nn_top|rev_1
# Wed Mar  4 22:19:01 2026

premap completed with warnings
# Wed Mar  4 22:19:02 2026

Return Code: 1
Run Time:00h:00m:01s
Complete: Compile on nn_top|rev_1

Running Flow: map (Map) on nn_top|rev_1
# Wed Mar  4 22:19:02 2026
License granted for 4 parallel jobs

Running: fpga_mapper (Map & Optimize) on nn_top|rev_1
# Wed Mar  4 22:19:02 2026
Copied /home/gel8580/CE387/HW/HW8/gel8580_HW8/syn/rev_1/synwork/nn_top_m.srm to /home/gel8580/CE387/HW/HW8/gel8580_HW8/syn/rev_1/nn_top.srm

fpga_mapper completed with warnings
# Wed Mar  4 22:19:28 2026

Return Code: 1
Run Time:00h:00m:26s
Complete: Map on nn_top|rev_1
Complete: Logic Synthesis on nn_top|rev_1
0exit status=0
License checkin: synplifypremierdp
