
                             Synplify (R) Premier 

                Version O-2018.09-SP1 for RHEL64 - Nov 27, 2018 

                    Copyright (c) 1988 - 2018 Synopsys, Inc.
   This software and the associated documentation are proprietary to Synopsys,
 Inc. This software may only be used in accordance with the terms and conditions
 of a written license agreement with Synopsys, Inc. All other use, reproduction,
            or distribution of this software is strictly prohibited.

Starting:    /vol/synopsys/fpga/O-2018.09-SP1/linux_a_64/mbin/synplify
Install:     /vol/synopsys/fpga/O-2018.09-SP1
Hostname:    riddler.ece.northwestern.edu
Date:        Tue Jan 13 17:26:22 2026
Version:     O-2018.09-SP1

Arguments:   -product synplify_premier
ProductType: synplify_premier

License checkout: synplifypremierdp
License: synplifypremierdp from server synopsyslm.ece.northwestern.edu (Using premium license)
Licensed Vendor: All FPGA
License Option: ident



Unrecognized package "F29" specified for part "EP4CE115" in fibonacci:rev_1
Copied /home/gel8580/CE387/HW/HW1/syn/rev_1/fibonacci.srr to /home/gel8580/CE387/HW/HW1/syn/rev_1/backup/fibonacci.srr
log file: "/home/gel8580/CE387/HW/HW1/syn/rev_1/fibonacci.srr"
Running: rev_1 in foreground

Running fibonacci|rev_1

Running Flow: compile (Compile) on fibonacci|rev_1
# Tue Jan 13 17:27:12 2026

Running Flow: compile_flow (Compile Process) on fibonacci|rev_1
# Tue Jan 13 17:27:12 2026
License granted for 4 parallel jobs

Running: compiler (Compile Input) on fibonacci|rev_1
# Tue Jan 13 17:27:12 2026

compiler completed
# Tue Jan 13 17:27:15 2026

Return Code: 0
Run Time:00h:00m:03s

Running: multi_srs_gen (Multi-srs Generator) on fibonacci|rev_1
# Tue Jan 13 17:27:15 2026
Up-To-Date: multi_srs_gen. No run necessary
Complete: Compile Process on fibonacci|rev_1

Running: premap (Premap) on fibonacci|rev_1
# Tue Jan 13 17:27:16 2026
Up-To-Date: premap. No run necessary
Complete: Compile on fibonacci|rev_1

Running Flow: map (Map) on fibonacci|rev_1
# Tue Jan 13 17:27:16 2026
License granted for 4 parallel jobs

Running: fpga_mapper (Map & Optimize) on fibonacci|rev_1
# Tue Jan 13 17:27:16 2026
Up-To-Date: fpga_mapper. No run necessary
Complete: Map on fibonacci|rev_1
Complete: Logic Synthesis on fibonacci|rev_1
0exit status=0
License checkin: synplifypremierdp
