##### START OF AREA REPORT #####[
Design view:work.edge_detect_top(verilog)
Selecting part EP4CE115F23C7

Total combinational functions 921 of 114480 ( 0%)
Logic element usage by number of inputs
		  4 input functions 	 312
		  3 input functions 	 105
		  <=2 input functions 	 504
Logic elements by mode
		  normal mode            482
		  arithmetic mode        439
Total registers 400 of 114480 ( 0%)
I/O pins 39 of 529 ( 7%), total I/O based on largest package of this part.

Number of I/O registers
			Input DDRs    :0
			Output DDRs   :0

DSP Blocks:     0  (0 nine-bit DSP elements).
DSP Utilization: 0.00% of available 266 blocks (532 nine-bit).
ShiftTap:       0  (0 registers)
Total ESB:      53504 bits 

##### END OF AREA REPORT #####]

