
                             Synplify (R) Premier 

                Version O-2018.09-SP1 for RHEL64 - Nov 27, 2018 

                    Copyright (c) 1988 - 2018 Synopsys, Inc.
   This software and the associated documentation are proprietary to Synopsys,
 Inc. This software may only be used in accordance with the terms and conditions
 of a written license agreement with Synopsys, Inc. All other use, reproduction,
            or distribution of this software is strictly prohibited.

Starting:    /vol/synopsys/fpga/O-2018.09-SP1/linux_a_64/mbin/synplify
Install:     /vol/synopsys/fpga/O-2018.09-SP1
Hostname:    moore.wot.ece.northwestern.edu
Date:        Wed Feb 18 15:37:15 2026
Version:     O-2018.09-SP1

Arguments:   -product synplify_premier
ProductType: synplify_premier

License checkout: synplifypremierdp
License: synplifypremierdp from server synopsyslm.ece.northwestern.edu (Using premium license)
Licensed Vendor: All FPGA
License Option: ident



log file: "/home/gel8580/CE387_new/HW/HW6/imp/syn/rev_1/cordic.srr"
Running: rev_1 in foreground

Running cordic|rev_1

Running Flow: compile (Compile) on cordic|rev_1
# Wed Feb 18 15:43:14 2026

Running Flow: compile_flow (Compile Process) on cordic|rev_1
# Wed Feb 18 15:43:14 2026
License granted for 4 parallel jobs

Running: compiler (Compile Input) on cordic|rev_1
# Wed Feb 18 15:43:14 2026
Copied /home/gel8580/CE387_new/HW/HW6/imp/syn/rev_1/synwork/cordic_comp.srs to /home/gel8580/CE387_new/HW/HW6/imp/syn/rev_1/cordic.srs

compiler completed
# Wed Feb 18 15:43:20 2026

Return Code: 0
Run Time:00h:00m:06s

Running: multi_srs_gen (Multi-srs Generator) on cordic|rev_1
# Wed Feb 18 15:43:20 2026

multi_srs_gen completed
# Wed Feb 18 15:43:21 2026

Return Code: 0
Run Time:00h:00m:01s
Copied /home/gel8580/CE387_new/HW/HW6/imp/syn/rev_1/synwork/cordic_mult.srs to /home/gel8580/CE387_new/HW/HW6/imp/syn/rev_1/cordic.srs
Complete: Compile Process on cordic|rev_1

Running: premap (Premap) on cordic|rev_1
# Wed Feb 18 15:43:21 2026

premap completed with warnings
# Wed Feb 18 15:43:22 2026

Return Code: 1
Run Time:00h:00m:01s
Complete: Compile on cordic|rev_1

Running Flow: map (Map) on cordic|rev_1
# Wed Feb 18 15:43:22 2026
License granted for 4 parallel jobs

Running: fpga_mapper (Map & Optimize) on cordic|rev_1
# Wed Feb 18 15:43:22 2026
Copied /home/gel8580/CE387_new/HW/HW6/imp/syn/rev_1/synwork/cordic_m.srm to /home/gel8580/CE387_new/HW/HW6/imp/syn/rev_1/cordic.srm

fpga_mapper completed with warnings
# Wed Feb 18 15:43:29 2026

Return Code: 1
Run Time:00h:00m:07s
Complete: Map on cordic|rev_1
Complete: Logic Synthesis on cordic|rev_1
0log file: "/home/gel8580/CE387_new/HW/HW6/imp/syn/rev_1/cordic.srr"
Running: rev_1 in foreground

Running cordic|rev_1

Running Flow: compile (Compile) on cordic|rev_1
# Wed Feb 18 15:53:06 2026

Running Flow: compile_flow (Compile Process) on cordic|rev_1
# Wed Feb 18 15:53:06 2026
License granted for 4 parallel jobs

Running: compiler (Compile Input) on cordic|rev_1
# Wed Feb 18 15:53:06 2026

compiler completed
# Wed Feb 18 15:53:09 2026

Return Code: 0
Run Time:00h:00m:03s

Running: multi_srs_gen (Multi-srs Generator) on cordic|rev_1
# Wed Feb 18 15:53:09 2026
Up-To-Date: multi_srs_gen. No run necessary
Complete: Compile Process on cordic|rev_1

Running: premap (Premap) on cordic|rev_1
# Wed Feb 18 15:53:09 2026
Up-To-Date: premap. No run necessary
Complete: Compile on cordic|rev_1

Running Flow: map (Map) on cordic|rev_1
# Wed Feb 18 15:53:09 2026
License granted for 4 parallel jobs

Running: fpga_mapper (Map & Optimize) on cordic|rev_1
# Wed Feb 18 15:53:09 2026
Up-To-Date: fpga_mapper. No run necessary
Complete: Map on cordic|rev_1
Complete: Logic Synthesis on cordic|rev_1
0log file: "/home/gel8580/CE387_new/HW/HW6/imp/syn/rev_1/cordic.srr"
Running: rev_1 in foreground

Running cordic|rev_1

Running Flow: compile (Compile) on cordic|rev_1
# Wed Feb 18 16:05:07 2026

Running Flow: compile_flow (Compile Process) on cordic|rev_1
# Wed Feb 18 16:05:07 2026
License granted for 4 parallel jobs

Running: compiler (Compile Input) on cordic|rev_1
# Wed Feb 18 16:05:07 2026
Copied /home/gel8580/CE387_new/HW/HW6/imp/syn/rev_1/synwork/cordic_comp.srs to /home/gel8580/CE387_new/HW/HW6/imp/syn/rev_1/cordic.srs
compiler exited with errors
Job failed on: cordic|rev_1

Job: "compiler" terminated with error status: 2
See log file: "/home/gel8580/CE387_new/HW/HW6/imp/syn/rev_1/synlog/cordic_compiler.srr"
# Wed Feb 18 16:05:11 2026

Return Code: 2
Run Time:00h:00m:04s
Complete: Compile Process on cordic|rev_1
Complete: Compile on cordic|rev_1
Complete: Logic Synthesis on cordic|rev_1
0log file: "/home/gel8580/CE387_new/HW/HW6/imp/syn/rev_1/cordic.srr"
Running: rev_1 in foreground

Running cordic|rev_1

Running Flow: compile (Compile) on cordic|rev_1
# Wed Feb 18 16:05:15 2026

Running Flow: compile_flow (Compile Process) on cordic|rev_1
# Wed Feb 18 16:05:15 2026
License granted for 4 parallel jobs

Running: compiler (Compile Input) on cordic|rev_1
# Wed Feb 18 16:05:15 2026

compiler completed
# Wed Feb 18 16:05:19 2026

Return Code: 0
Run Time:00h:00m:03s

Running: multi_srs_gen (Multi-srs Generator) on cordic|rev_1
# Wed Feb 18 16:05:19 2026

multi_srs_gen completed
# Wed Feb 18 16:05:19 2026

Return Code: 0
Run Time:00h:00m:00s
Copied /home/gel8580/CE387_new/HW/HW6/imp/syn/rev_1/synwork/cordic_mult.srs to /home/gel8580/CE387_new/HW/HW6/imp/syn/rev_1/cordic.srs
Complete: Compile Process on cordic|rev_1

Running: premap (Premap) on cordic|rev_1
# Wed Feb 18 16:05:19 2026

premap completed with warnings
# Wed Feb 18 16:05:20 2026

Return Code: 1
Run Time:00h:00m:01s
Complete: Compile on cordic|rev_1

Running Flow: map (Map) on cordic|rev_1
# Wed Feb 18 16:05:20 2026
License granted for 4 parallel jobs

Running: fpga_mapper (Map & Optimize) on cordic|rev_1
# Wed Feb 18 16:05:20 2026
Copied /home/gel8580/CE387_new/HW/HW6/imp/syn/rev_1/synwork/cordic_m.srm to /home/gel8580/CE387_new/HW/HW6/imp/syn/rev_1/cordic.srm

fpga_mapper completed with warnings
# Wed Feb 18 16:05:22 2026

Return Code: 1
Run Time:00h:00m:02s
Complete: Map on cordic|rev_1
Complete: Logic Synthesis on cordic|rev_1
0log file: "/home/gel8580/CE387_new/HW/HW6/imp/syn/rev_1/cordic.srr"
Running: rev_1 in foreground

Running cordic|rev_1

Running Flow: compile (Compile) on cordic|rev_1
# Wed Feb 18 16:06:30 2026

Running Flow: compile_flow (Compile Process) on cordic|rev_1
# Wed Feb 18 16:06:30 2026
License granted for 4 parallel jobs

Running: compiler (Compile Input) on cordic|rev_1
# Wed Feb 18 16:06:30 2026
Copied /home/gel8580/CE387_new/HW/HW6/imp/syn/rev_1/synwork/cordic_comp.srs to /home/gel8580/CE387_new/HW/HW6/imp/syn/rev_1/cordic.srs

compiler completed
# Wed Feb 18 16:06:36 2026

Return Code: 0
Run Time:00h:00m:05s

Running: multi_srs_gen (Multi-srs Generator) on cordic|rev_1
# Wed Feb 18 16:06:36 2026

multi_srs_gen completed
# Wed Feb 18 16:06:36 2026

Return Code: 0
Run Time:00h:00m:00s
Copied /home/gel8580/CE387_new/HW/HW6/imp/syn/rev_1/synwork/cordic_mult.srs to /home/gel8580/CE387_new/HW/HW6/imp/syn/rev_1/cordic.srs
Complete: Compile Process on cordic|rev_1

Running: premap (Premap) on cordic|rev_1
# Wed Feb 18 16:06:36 2026

premap completed with warnings
# Wed Feb 18 16:06:37 2026

Return Code: 1
Run Time:00h:00m:01s
Complete: Compile on cordic|rev_1

Running Flow: map (Map) on cordic|rev_1
# Wed Feb 18 16:06:37 2026
License granted for 4 parallel jobs

Running: fpga_mapper (Map & Optimize) on cordic|rev_1
# Wed Feb 18 16:06:37 2026
Copied /home/gel8580/CE387_new/HW/HW6/imp/syn/rev_1/synwork/cordic_m.srm to /home/gel8580/CE387_new/HW/HW6/imp/syn/rev_1/cordic.srm

fpga_mapper completed with warnings
# Wed Feb 18 16:06:48 2026

Return Code: 1
Run Time:00h:00m:11s
Complete: Map on cordic|rev_1
Complete: Logic Synthesis on cordic|rev_1
0log file: "/home/gel8580/CE387_new/HW/HW6/imp/syn/rev_1/cordic.srr"
Running: rev_1 in foreground

Running cordic|rev_1

Running Flow: compile (Compile) on cordic|rev_1
# Wed Feb 18 16:28:35 2026

Running Flow: compile_flow (Compile Process) on cordic|rev_1
# Wed Feb 18 16:28:35 2026
License granted for 4 parallel jobs

Running: compiler (Compile Input) on cordic|rev_1
# Wed Feb 18 16:28:35 2026
Copied /home/gel8580/CE387_new/HW/HW6/imp/syn/rev_1/synwork/cordic_comp.srs to /home/gel8580/CE387_new/HW/HW6/imp/syn/rev_1/cordic.srs

compiler completed
# Wed Feb 18 16:28:40 2026

Return Code: 0
Run Time:00h:00m:05s

Running: multi_srs_gen (Multi-srs Generator) on cordic|rev_1
# Wed Feb 18 16:28:40 2026

multi_srs_gen completed
# Wed Feb 18 16:28:40 2026

Return Code: 0
Run Time:00h:00m:00s
Copied /home/gel8580/CE387_new/HW/HW6/imp/syn/rev_1/synwork/cordic_mult.srs to /home/gel8580/CE387_new/HW/HW6/imp/syn/rev_1/cordic.srs
Complete: Compile Process on cordic|rev_1

Running: premap (Premap) on cordic|rev_1
# Wed Feb 18 16:28:40 2026

premap completed with warnings
# Wed Feb 18 16:28:41 2026

Return Code: 1
Run Time:00h:00m:01s
Complete: Compile on cordic|rev_1

Running Flow: map (Map) on cordic|rev_1
# Wed Feb 18 16:28:41 2026
License granted for 4 parallel jobs

Running: fpga_mapper (Map & Optimize) on cordic|rev_1
# Wed Feb 18 16:28:41 2026
Copied /home/gel8580/CE387_new/HW/HW6/imp/syn/rev_1/synwork/cordic_m.srm to /home/gel8580/CE387_new/HW/HW6/imp/syn/rev_1/cordic.srm

fpga_mapper completed with warnings
# Wed Feb 18 16:28:50 2026

Return Code: 1
Run Time:00h:00m:09s
Complete: Map on cordic|rev_1
Complete: Logic Synthesis on cordic|rev_1
0exit status=0
License checkin: synplifypremierdp
