###########################################################[

Copyright (C) 1994-2018 Synopsys, Inc.
This Synopsys software and all associated documentation are proprietary to Synopsys, Inc.
and may only be used pursuant to the terms and conditions of a written license agreement
with Synopsys, Inc. All other use, reproduction, modification, or distribution of the
Synopsys software or the associated documentation is strictly prohibited.
Tool: Synplify (R) Premier
Build: O-2018.09-SP1
Install: /vol/synopsys/fpga/O-2018.09-SP1
OS: Red Hat Enterprise Linux 8.10 (Ootpa)
Hostname: moore.wot.ece.northwestern.edu
max virtual memory: unlimited (bytes)
max user processes: 1028002
max stack size: 8388608 (bytes)


Implementation : rev_1
Synopsys Verilog Compiler, Version comp2018q4p1, Build 004R, Built Nov 27 2018 21:19:49

@N|Running in 64-bit mode
@N: CG1349 :	| Running Verilog Compiler in System Verilog mode

@N: CG1350 :	| Running Verilog Compiler in Multiple File Compilation Unit mode

@I::"/vol/synopsys/fpga/O-2018.09-SP1/lib/altera/altera.v" (library work)
@I::"/vol/synopsys/fpga/O-2018.09-SP1/lib/altera/quartus_prime181/cycloneive.v" (library work)
@I::"/vol/synopsys/fpga/O-2018.09-SP1/lib/altera/quartus_prime181/altera_mf.v" (library work)
@N: CG334 :"/vol/synopsys/fpga/O-2018.09-SP1/lib/altera/quartus_prime181/altera_mf.v":53001:16:53001:28|Read directive translate_off.
@N: CG333 :"/vol/synopsys/fpga/O-2018.09-SP1/lib/altera/quartus_prime181/altera_mf.v":53051:16:53051:27|Read directive translate_on.
@N: CG334 :"/vol/synopsys/fpga/O-2018.09-SP1/lib/altera/quartus_prime181/altera_mf.v":53060:16:53060:28|Read directive translate_off.
@N: CG333 :"/vol/synopsys/fpga/O-2018.09-SP1/lib/altera/quartus_prime181/altera_mf.v":53074:16:53074:27|Read directive translate_on.
@N: CG334 :"/vol/synopsys/fpga/O-2018.09-SP1/lib/altera/quartus_prime181/altera_mf.v":53221:20:53221:32|Read directive translate_off.
@N: CG333 :"/vol/synopsys/fpga/O-2018.09-SP1/lib/altera/quartus_prime181/altera_mf.v":53226:20:53226:31|Read directive translate_on.
@N: CG334 :"/vol/synopsys/fpga/O-2018.09-SP1/lib/altera/quartus_prime181/altera_mf.v":53229:20:53229:32|Read directive translate_off.
@N: CG333 :"/vol/synopsys/fpga/O-2018.09-SP1/lib/altera/quartus_prime181/altera_mf.v":53232:20:53232:31|Read directive translate_on.
@N: CG334 :"/vol/synopsys/fpga/O-2018.09-SP1/lib/altera/quartus_prime181/altera_mf.v":53346:20:53346:32|Read directive translate_off.
@N: CG333 :"/vol/synopsys/fpga/O-2018.09-SP1/lib/altera/quartus_prime181/altera_mf.v":53351:20:53351:31|Read directive translate_on.
@N: CG334 :"/vol/synopsys/fpga/O-2018.09-SP1/lib/altera/quartus_prime181/altera_mf.v":53354:20:53354:32|Read directive translate_off.
@N: CG333 :"/vol/synopsys/fpga/O-2018.09-SP1/lib/altera/quartus_prime181/altera_mf.v":53357:20:53357:31|Read directive translate_on.
@N: CG334 :"/vol/synopsys/fpga/O-2018.09-SP1/lib/altera/quartus_prime181/altera_mf.v":53446:20:53446:32|Read directive translate_off.
@N: CG333 :"/vol/synopsys/fpga/O-2018.09-SP1/lib/altera/quartus_prime181/altera_mf.v":53451:20:53451:31|Read directive translate_on.
@N: CG334 :"/vol/synopsys/fpga/O-2018.09-SP1/lib/altera/quartus_prime181/altera_mf.v":53454:20:53454:32|Read directive translate_off.
@N: CG333 :"/vol/synopsys/fpga/O-2018.09-SP1/lib/altera/quartus_prime181/altera_mf.v":53457:20:53457:31|Read directive translate_on.
@N: CG334 :"/vol/synopsys/fpga/O-2018.09-SP1/lib/altera/quartus_prime181/altera_mf.v":53545:20:53545:32|Read directive translate_off.
@N: CG333 :"/vol/synopsys/fpga/O-2018.09-SP1/lib/altera/quartus_prime181/altera_mf.v":53550:20:53550:31|Read directive translate_on.
@N: CG334 :"/vol/synopsys/fpga/O-2018.09-SP1/lib/altera/quartus_prime181/altera_mf.v":53553:20:53553:32|Read directive translate_off.
@N: CG333 :"/vol/synopsys/fpga/O-2018.09-SP1/lib/altera/quartus_prime181/altera_mf.v":53556:20:53556:31|Read directive translate_on.
@N: CG334 :"/vol/synopsys/fpga/O-2018.09-SP1/lib/altera/quartus_prime181/altera_mf.v":53642:20:53642:32|Read directive translate_off.
@N: CG333 :"/vol/synopsys/fpga/O-2018.09-SP1/lib/altera/quartus_prime181/altera_mf.v":53647:20:53647:31|Read directive translate_on.
@N: CG334 :"/vol/synopsys/fpga/O-2018.09-SP1/lib/altera/quartus_prime181/altera_mf.v":53650:20:53650:32|Read directive translate_off.
@N: CG333 :"/vol/synopsys/fpga/O-2018.09-SP1/lib/altera/quartus_prime181/altera_mf.v":53653:20:53653:31|Read directive translate_on.
@N: CG334 :"/vol/synopsys/fpga/O-2018.09-SP1/lib/altera/quartus_prime181/altera_mf.v":53861:12:53861:24|Read directive translate_off.
@N: CG333 :"/vol/synopsys/fpga/O-2018.09-SP1/lib/altera/quartus_prime181/altera_mf.v":53875:12:53875:23|Read directive translate_on.
@N: CG334 :"/vol/synopsys/fpga/O-2018.09-SP1/lib/altera/quartus_prime181/altera_mf.v":54140:12:54140:24|Read directive translate_off.
@N: CG333 :"/vol/synopsys/fpga/O-2018.09-SP1/lib/altera/quartus_prime181/altera_mf.v":54154:12:54154:23|Read directive translate_on.
@I::"/vol/synopsys/fpga/O-2018.09-SP1/lib/altera/quartus_prime181/altera_lpm.v" (library work)
@I::"/vol/synopsys/fpga/O-2018.09-SP1/lib/altera/quartus_prime181/altera_primitives.v" (library work)
@I::"/vol/synopsys/fpga/O-2018.09-SP1/lib/vlog/hypermods.v" (library __hyper__lib__)
@I::"/vol/synopsys/fpga/O-2018.09-SP1/lib/vlog/umr_capim.v" (library snps_haps)
@I::"/vol/synopsys/fpga/O-2018.09-SP1/lib/synip/hcei/zceistubs.v" (library snps_haps)
@I::"/vol/synopsys/fpga/O-2018.09-SP1/lib/vlog/scemi_objects.v" (library snps_haps)
@I::"/vol/synopsys/fpga/O-2018.09-SP1/lib/vlog/scemi_pipes.svh" (library snps_haps)
@I::"/home/gel8580/CE387/HW/HW5/imp/sv/fifo.sv" (library work)
@I::"/home/gel8580/CE387/HW/HW5/imp/sv/fifo_ctrl.sv" (library work)
@I::"/home/gel8580/CE387/HW/HW5/imp/sv/udp_parser.sv" (library work)
@I::"/home/gel8580/CE387/HW/HW5/imp/sv/udp_parser_top.sv" (library work)
Verilog syntax check successful!
@N:: Applying property .distcompmodetop with value 1 on module udp_parser_top in library work
@N:: Applying property .distcompnoprune with value 1 on module udp_parser_top in library work
@N:: Applying property .noprune with value 1 on module udp_parser_top in library work
@N:: Applying property .distcompnoprune with value 1 on module fifo_ctrl in library work
@N:: Applying property .noprune with value 1 on module fifo_ctrl in library work
@N:: Applying property .distcompnoprune with value 1 on module fifo in library work
@N:: Applying property .noprune with value 1 on module fifo in library work
@N:: Applying property .distcompnoprune with value 1 on module udp_parser in library work
@N:: Applying property .noprune with value 1 on module udp_parser in library work
Selecting top level module udp_parser_top
@N: CG364 :"/home/gel8580/CE387/HW/HW5/imp/sv/fifo.sv":2:7:2:10|Synthesizing module fifo in library work.

	FIFO_DATA_WIDTH=32'b00000000000000000000000000001000
	FIFO_BUFFER_SIZE=32'b00000000000000000000000010000000
	FIFO_ADDR_WIDTH=32'b00000000000000000000000000001000
   Generated name = fifo_8s_128s_8s
Running optimization stage 1 on fifo_8s_128s_8s .......
@N: CL134 :"/home/gel8580/CE387/HW/HW5/imp/sv/fifo.sv":36:4:36:12|Found RAM fifo_buf, depth=128, width=8
@N: CG364 :"/home/gel8580/CE387/HW/HW5/imp/sv/fifo.sv":2:7:2:10|Synthesizing module fifo in library work.

	FIFO_DATA_WIDTH=32'b00000000000000000000000000000010
	FIFO_BUFFER_SIZE=32'b00000000000000000000000010000000
	FIFO_ADDR_WIDTH=32'b00000000000000000000000000001000
   Generated name = fifo_2s_128s_8s
Running optimization stage 1 on fifo_2s_128s_8s .......
@N: CL134 :"/home/gel8580/CE387/HW/HW5/imp/sv/fifo.sv":36:4:36:12|Found RAM fifo_buf, depth=128, width=2
@N: CG364 :"/home/gel8580/CE387/HW/HW5/imp/sv/fifo_ctrl.sv":2:7:2:15|Synthesizing module fifo_ctrl in library work.

	FIFO_DATA_WIDTH=32'b00000000000000000000000000001000
	FIFO_BUFFER_SIZE=32'b00000000000000000000000010000000
   Generated name = fifo_ctrl_8s_128s
Running optimization stage 1 on fifo_ctrl_8s_128s .......
@N: CG364 :"/home/gel8580/CE387/HW/HW5/imp/sv/udp_parser.sv":1:7:1:16|Synthesizing module udp_parser in library work.
Running optimization stage 1 on udp_parser .......
@W: CL169 :"/home/gel8580/CE387/HW/HW5/imp/sv/udp_parser.sv":52:4:52:12|Pruning unused register global_payload_cnt[31:0]. Make sure that there are no unused intermediate registers.
@W: CL169 :"/home/gel8580/CE387/HW/HW5/imp/sv/udp_parser.sv":52:4:52:12|Pruning unused register actual_writes[31:0]. Make sure that there are no unused intermediate registers.
@N: CG364 :"/home/gel8580/CE387/HW/HW5/imp/sv/udp_parser_top.sv":2:7:2:20|Synthesizing module udp_parser_top in library work.
Running optimization stage 1 on udp_parser_top .......
Running optimization stage 2 on udp_parser_top .......
Running optimization stage 2 on udp_parser .......
@N: CL201 :"/home/gel8580/CE387/HW/HW5/imp/sv/udp_parser.sv":52:4:52:12|Trying to extract state machine for register state.
Extracted state machine for register state
State machine has 9 reachable states with original encodings of:
   0000
   0001
   0010
   0011
   0100
   0101
   0110
   0111
   1000
Running optimization stage 2 on fifo_ctrl_8s_128s .......
Running optimization stage 2 on fifo_2s_128s_8s .......
Running optimization stage 2 on fifo_8s_128s_8s .......

For a summary of runtime and memory usage per design unit, please see file:
==========================================================
@L: /home/gel8580/CE387/HW/HW5/imp/syn/rev_1/synwork//distcomp/distcomp0/distcomp0.rt.csv

@END

At c_ver Exit (Real Time elapsed 0h:00m:00s; CPU Time elapsed 0h:00m:00s; Memory used current: 82MB peak: 85MB)

Process took 0h:00m:01s realtime, 0h:00m:01s cputime

Process completed successfully.
# Thu Feb 12 16:13:08 2026

###########################################################]
