
Copyright (C) 1994-2018 Synopsys, Inc.
This Synopsys software and all associated documentation are proprietary to Synopsys, Inc.
and may only be used pursuant to the terms and conditions of a written license agreement
with Synopsys, Inc. All other use, reproduction, modification, or distribution of the
Synopsys software or the associated documentation is strictly prohibited.
Tool: Synplify Pro (R)
Build: O-2018.09-SP1
Install: /vol/synopsys/fpga/O-2018.09-SP1
OS: Red Hat Enterprise Linux 8.10 (Ootpa)
Hostname: riddler.ece.northwestern.edu
max virtual memory: unlimited (bytes)
max user processes: 126617
max stack size: 8388608 (bytes)


Implementation : rev_1
Synopsys HDL compiler and linker, Version comp2018q4p1, Build 004R, Built Nov 27 2018 21:19:49

Modified Files: 13
FID:  path (prevtimestamp, timestamp)
0        /home/gel8580/CE387/HW/HW2/sv/bram.sv (N/A, 2026-01-18 17:08:10)
1        /home/gel8580/CE387/HW/HW2/sv/matmul.sv (N/A, 2026-01-18 18:30:42)
2        /home/gel8580/CE387/HW/HW2/sv/matmul_top.sv (N/A, 2026-01-18 16:51:14)
3        /vol/synopsys/fpga/O-2018.09-SP1/lib/altera/altera.v (N/A, 2018-11-27 23:10:11)
4        /vol/synopsys/fpga/O-2018.09-SP1/lib/altera/quartus_prime181/altera_lpm.v (N/A, 2018-11-27 23:10:39)
5        /vol/synopsys/fpga/O-2018.09-SP1/lib/altera/quartus_prime181/altera_mf.v (N/A, 2018-11-27 23:10:39)
6        /vol/synopsys/fpga/O-2018.09-SP1/lib/altera/quartus_prime181/altera_primitives.v (N/A, 2018-11-27 23:10:39)
7        /vol/synopsys/fpga/O-2018.09-SP1/lib/altera/quartus_prime181/cycloneive.v (N/A, 2018-11-27 23:10:40)
8        /vol/synopsys/fpga/O-2018.09-SP1/lib/synip/hcei/zceistubs.v (N/A, 2018-11-27 23:12:11)
9        /vol/synopsys/fpga/O-2018.09-SP1/lib/vlog/hypermods.v (N/A, 2018-11-27 23:17:48)
10       /vol/synopsys/fpga/O-2018.09-SP1/lib/vlog/scemi_objects.v (N/A, 2018-11-27 23:17:48)
11       /vol/synopsys/fpga/O-2018.09-SP1/lib/vlog/scemi_pipes.svh (N/A, 2018-11-27 23:17:48)
12       /vol/synopsys/fpga/O-2018.09-SP1/lib/vlog/umr_capim.v (N/A, 2018-08-08 02:43:25)

*******************************************************************
Modules that may have changed as a result of file changes: 3
MID:  lib.cell.view
0        work.bram.verilog may have changed because the following files changed:
                        /home/gel8580/CE387/HW/HW2/sv/bram.sv (N/A, 2026-01-18 17:08:10) <-- (module definition)
                        /home/gel8580/CE387/HW/HW2/sv/matmul_top.sv (N/A, 2026-01-18 16:51:14) <-- (may instantiate this module)
1        work.matmul.verilog may have changed because the following files changed:
                        /home/gel8580/CE387/HW/HW2/sv/matmul.sv (N/A, 2026-01-18 18:30:42) <-- (module definition)
                        /home/gel8580/CE387/HW/HW2/sv/matmul_top.sv (N/A, 2026-01-18 16:51:14) <-- (may instantiate this module)
2        work.matmul_top.verilog may have changed because the following files changed:
                        /home/gel8580/CE387/HW/HW2/sv/matmul_top.sv (N/A, 2026-01-18 16:51:14) <-- (module definition)

*******************************************************************
Unmodified files: 0
FID:  path (timestamp)

*******************************************************************
Unchanged modules: 0
MID:  lib.cell.view
