
Copyright (C) 1994-2018 Synopsys, Inc.
This Synopsys software and all associated documentation are proprietary to Synopsys, Inc.
and may only be used pursuant to the terms and conditions of a written license agreement
with Synopsys, Inc. All other use, reproduction, modification, or distribution of the
Synopsys software or the associated documentation is strictly prohibited.
Tool: Synplify (R) Premier
Build: O-2018.09-SP1
Install: /vol/synopsys/fpga/O-2018.09-SP1
OS: Red Hat Enterprise Linux 8.10 (Ootpa)
Hostname: finagle.wot.ece.northwestern.edu
max virtual memory: unlimited (bytes)
max user processes: 254205
max stack size: 8388608 (bytes)


Implementation : rev_1

# Written on Mon Feb  2 23:07:58 2026

##### DESIGN INFO #######################################################

Top View:                "edge_detect_top"
Constraint File(s):      (none)




##### SUMMARY ############################################################

Found 0 issues in 0 out of 0 constraints


##### DETAILS ############################################################



Clock Relationships
*******************

Starting                  Ending                    |     rise to rise     |     fall to fall     |     rise to fall     |     fall to rise                     
---------------------------------------------------------------------------------------------------------------------------------------------------------------
System                    edge_detect_top|clock     |     3.897            |     No paths         |     No paths         |     No paths                         
edge_detect_top|clock     System                    |     3.897            |     No paths         |     No paths         |     No paths                         
edge_detect_top|clock     edge_detect_top|clock     |     3.897            |     No paths         |     No paths         |     No paths                         
===============================================================================================================================================================
 Note: 'No paths' indicates there are no paths in the design for that pair of clock edges.
       'Diff grp' indicates that paths exist but the starting clock and ending clock are in different clock groups.


Unconstrained Start/End Points
******************************

p:in_din[0]
p:in_din[1]
p:in_din[2]
p:in_din[3]
p:in_din[4]
p:in_din[5]
p:in_din[6]
p:in_din[7]
p:in_din[8]
p:in_din[9]
p:in_din[10]
p:in_din[11]
p:in_din[12]
p:in_din[13]
p:in_din[14]
p:in_din[15]
p:in_din[16]
p:in_din[17]
p:in_din[18]
p:in_din[19]
p:in_din[20]
p:in_din[21]
p:in_din[22]
p:in_din[23]
p:in_full
p:in_wr_en
p:out_dout[0]
p:out_dout[1]
p:out_dout[2]
p:out_dout[3]
p:out_dout[4]
p:out_dout[5]
p:out_dout[6]
p:out_dout[7]
p:out_empty
p:out_rd_en
p:out_rd_en_in
p:reset


Inapplicable constraints
************************

(none)


Applicable constraints with issues
**********************************

(none)


Constraints with matching wildcard expressions
**********************************************

(none)


Library Report
**************


# End of Constraint Checker Report
