/vol/synopsys/fpga/O-2018.09-SP1/bin/m_altera  -prodtype  synplify_premier  -encrypt  -pro  -rundir  /home/gel8580/CE387/Final_Project/FM_Radio/imp/syn/rev_1   -part EP4CE115FC23-7    -maxfan 30 -verification_mode 0 -infer_seqShift -pipe -fixgatedclocks 1 -fixgeneratedclocks 1 -syn_altera_model on -mif_files_dirs " " -synthesis_strategy advanced -continue_on_error -validate_mif_files -reporting_ctd 1 -RWCheckOnRam 1 -summaryfile /home/gel8580/CE387/Final_Project/FM_Radio/imp/syn/rev_1/synlog/report/fm_radio_fpga_mapper.xml -merge_inferred_clocks 0  -top_level_module  fm_radio_top  -map  -licensetype  synplifypremierdp  -flow mapping  -mp  4  -prjfile  /home/gel8580/CE387/Final_Project/FM_Radio/imp/syn/rev_1/scratchproject.prs  -implementation  rev_1  -multisrs  -vqm41  -ovqm  /home/gel8580/CE387/Final_Project/FM_Radio/imp/syn/rev_1/fm_radio.vqm   -autoconstraint  -freq 1.000   /home/gel8580/CE387/Final_Project/FM_Radio/imp/syn/rev_1/synwork/fm_radio_prem.srd  -sap  /home/gel8580/CE387/Final_Project/FM_Radio/imp/syn/rev_1/fm_radio.sap  -otap  /home/gel8580/CE387/Final_Project/FM_Radio/imp/syn/rev_1/fm_radio.tap  -omap  /home/gel8580/CE387/Final_Project/FM_Radio/imp/syn/rev_1/fm_radio.map  -devicelib  /vol/synopsys/fpga/O-2018.09-SP1/lib/altera/altera.v  -devicelib  /vol/synopsys/fpga/O-2018.09-SP1/lib/altera/quartus_prime181/cycloneive.v  -devicelib  /vol/synopsys/fpga/O-2018.09-SP1/lib/altera/quartus_prime181/altera_mf.v  -devicelib  /vol/synopsys/fpga/O-2018.09-SP1/lib/altera/quartus_prime181/altera_lpm.v  -devicelib  /vol/synopsys/fpga/O-2018.09-SP1/lib/altera/quartus_prime181/altera_primitives.v  -sap  /home/gel8580/CE387/Final_Project/FM_Radio/imp/syn/rev_1/fm_radio.sap  -ologparam  /home/gel8580/CE387/Final_Project/FM_Radio/imp/syn/rev_1/syntmp/fm_radio.plg  -osyn  /home/gel8580/CE387/Final_Project/FM_Radio/imp/syn/rev_1/fm_radio.srm  -prjdir  /home/gel8580/CE387/Final_Project/FM_Radio/imp/syn/  -prjname  fm_radio  -log  /home/gel8580/CE387/Final_Project/FM_Radio/imp/syn/rev_1/synlog/fm_radio_fpga_mapper.srr  -sn  2018.09  -jobname  "fpga_mapper" 
relcom:/vol/synopsys/fpga/O-2018.09-SP1/bin/m_altera -prodtype synplify_premier -encrypt -pro -rundir ../../rev_1 -part EP4CE115FC23-7 -maxfan 30 -verification_mode 0 -infer_seqShift -pipe -fixgatedclocks 1 -fixgeneratedclocks 1 -syn_altera_model on -mif_files_dirs " " -synthesis_strategy advanced -continue_on_error -validate_mif_files -reporting_ctd 1 -RWCheckOnRam 1 -summaryfile ../synlog/report/fm_radio_fpga_mapper.xml -merge_inferred_clocks 0 -top_level_module fm_radio_top -map -licensetype synplifypremierdp -flow mapping -mp 4 -prjfile ../scratchproject.prs -implementation rev_1 -multisrs -vqm41 -ovqm ../fm_radio.vqm -autoconstraint -freq 1.000 ../synwork/fm_radio_prem.srd -sap ../fm_radio.sap -otap ../fm_radio.tap -omap ../fm_radio.map -devicelib /vol/synopsys/fpga/O-2018.09-SP1/lib/altera/altera.v -devicelib /vol/synopsys/fpga/O-2018.09-SP1/lib/altera/quartus_prime181/cycloneive.v -devicelib /vol/synopsys/fpga/O-2018.09-SP1/lib/altera/quartus_prime181/altera_mf.v -devicelib /vol/synopsys/fpga/O-2018.09-SP1/lib/altera/quartus_prime181/altera_lpm.v -devicelib /vol/synopsys/fpga/O-2018.09-SP1/lib/altera/quartus_prime181/altera_primitives.v -sap ../fm_radio.sap -ologparam fm_radio.plg -osyn ../fm_radio.srm -prjdir ../../ -prjname fm_radio -log ../synlog/fm_radio_fpga_mapper.srr -sn 2018.09 -jobname "fpga_mapper"
rc:1 success:1 runtime:246
file:../scratchproject.prs|io:o|time:1772488484|size:2802|exec:0|csum:
file:../fm_radio.vqm|io:o|time:1772490460|size:12444669|exec:0|csum:
file:../synwork/fm_radio_prem.srd|io:i|time:1772490217|size:284311|exec:0|csum:48CBA9FE8A5CCCE582814D5E512D6D5B
file:../fm_radio.sap|io:o|time:1772490217|size:2424|exec:0|csum:
file:../fm_radio.tap|io:o|time:0|size:-1|exec:0|csum:
file:../fm_radio.map|io:o|time:1772490463|size:27|exec:0|csum:
file:/vol/synopsys/fpga/O-2018.09-SP1/lib/altera/altera.v|io:i|time:1543381811|size:761|exec:0|csum:530DBF8BEE396EFE8B33F0255371F1EA
file:/vol/synopsys/fpga/O-2018.09-SP1/lib/altera/quartus_prime181/cycloneive.v|io:i|time:1543381840|size:248626|exec:0|csum:B7FC851277DB49C2CA5F418047EB2E4F
file:/vol/synopsys/fpga/O-2018.09-SP1/lib/altera/quartus_prime181/altera_mf.v|io:i|time:1543381839|size:2618882|exec:0|csum:84794777C52804010B1D63698E285DB9
file:/vol/synopsys/fpga/O-2018.09-SP1/lib/altera/quartus_prime181/altera_lpm.v|io:i|time:1543381839|size:14867|exec:0|csum:01D82E1D5975CD832C9D765243E5182D
file:/vol/synopsys/fpga/O-2018.09-SP1/lib/altera/quartus_prime181/altera_primitives.v|io:i|time:1543381839|size:35286|exec:0|csum:C0AAD8CA21730C472D624582C058B929
file:../fm_radio.sap|io:o|time:1772490217|size:2424|exec:0|csum:
file:fm_radio.plg|io:o|time:1772490463|size:637|exec:0|csum:
file:../fm_radio.srm|io:o|time:1772490463|size:128810|exec:0|csum:
file:../synlog/fm_radio_fpga_mapper.srr|io:o|time:1772490463|size:1459781|exec:0|csum:
file:/vol/synopsys/fpga/O-2018.09-SP1/linux_a_64/m_altera|io:i|time:1543382473|size:31613712|exec:1|csum:5FBEB6EEDF3364EAF4B7F14711D19D39
file:/vol/synopsys/fpga/O-2018.09-SP1/bin/m_altera|io:i|time:1543381999|size:347|exec:1|csum:04851DFC0CBB288ED81DA3E420127D0D
